INFO     [2014-07-23 20:45:01,406] Начинаем обрабатывать файл:for_UFSSP_20131219_184058.txt
ERROR    [2014-07-23 20:45:02,317] Файл:for_UFSSP_20131219_184058.txt. Отстутвует дата исполнения, заменил на null time data '' does not match format '%d.%m.%Y'
INFO     [2014-07-23 20:45:02,318] 471;0900044852;11.02.2013;ДАРМИЛОВ;ЗАУДИН;ИСМЕЛЕВИЧ;300.00;;ИСПОЛНЕНО;Оплачен по постановлению ССП 67662-13-03-09;

ERROR    [2014-07-23 20:45:03,963] Файл:for_UFSSP_20131219_184058.txt. Отстутвует дата исполнения, заменил на null time data '' does not match format '%d.%m.%Y'
INFO     [2014-07-23 20:45:03,963] 1369;0900028473;13.12.2012;КУБАНОВ;КАНАМАТ;КОНСТАНТИНОВИЧ;300.00;;ИСПОЛНЕНО;Оплачен по постановлению ССП 3112941-13-04-09;

ERROR    [2014-07-23 20:45:04,472] Файл:for_UFSSP_20131219_184058.txt. Отстутвует дата исполнения, заменил на null time data '' does not match format '%d.%m.%Y'
INFO     [2014-07-23 20:45:04,472] 1653;0900029246;17.12.2012;КУМУКОВ;ВАЛЕРИЙ;БЕКИРОВИЧ;300.00;;ИСПОЛНЕНО;Оплачен по постановлению ССП 100096-13-03-09;

ERROR    [2014-07-23 20:45:05,018] Файл:for_UFSSP_20131219_184058.txt. Отстутвует дата исполнения, заменил на null time data '' does not match format '%d.%m.%Y'
INFO     [2014-07-23 20:45:05,018] 1948;0900036295;17.01.2013;ХАСАНОВ;АЗРЕТ;МУХТАРОВИЧ;300.00;;ИСПОЛНЕНО;Оплачен по постановлению ССП 2863956-13-04-09;

ERROR    [2014-07-23 20:45:05,636] Файл:for_UFSSP_20131219_184058.txt. Отстутвует дата исполнения, заменил на null time data '' does not match format '%d.%m.%Y'
INFO     [2014-07-23 20:45:05,637] 2277;0900018284;30.11.2012;АЛИЕВ;МУАЕД;ТИРОВИЧ;300.00;;ИСПОЛНЕНО;Оплачен по постановлению ССП 66335-13-03-09;

ERROR    [2014-07-23 20:45:10,297] Файл:for_UFSSP_20131219_184058.txt. Отстутвует дата исполнения, заменил на null time data '' does not match format '%d.%m.%Y'
INFO     [2014-07-23 20:45:10,297] 4869;0900083588;20.05.2013;ЛАГУЧЕВ;МУАЯД;МУХАРБИЕВИЧ;2000.00;;ИСПОЛНЕНО;Оплачен по постановлению ССП 3104329-13-04-09;

INFO     [2014-07-23 20:45:11,543] Elapsed time:10.1378679276
INFO     [2014-07-23 20:49:13,672] Начинаем обрабатывать файл:for_UFSSP_20140609_093724.txt
INFO     [2014-07-23 20:49:14,069] Elapsed time:0.396469831467
INFO     [2014-07-23 20:49:14,069] Начинаем обрабатывать файл:for_UFSSP_20140707_084506.txt
ERROR    [2014-07-23 20:49:15,176] Файл:for_UFSSP_20140707_084506.txt. Отстутвует дата исполнения, заменил на null time data '' does not match format '%d.%m.%Y'
INFO     [2014-07-23 20:49:15,176] 591;0900089895;06.06.2013;СЕМЕНОВ;ТИЛИМЕК;СЕЙПУЛОВИЧ;300.00;;ИСПОЛНЕНО;Оплачен по постановлению ССП 164977-13-10-09;

INFO     [2014-07-23 20:49:15,710] Elapsed time:1.64060401917
INFO     [2014-07-23 20:49:15,710] Начинаем обрабатывать файл:for_UFSSP_20140623_135250.txt
INFO     [2014-07-23 20:49:16,488] Elapsed time:0.778217792511
INFO     [2014-07-23 20:49:16,489] Начинаем обрабатывать файл:for_UFSSP_20140616_100245.txt
INFO     [2014-07-23 20:49:16,861] Elapsed time:0.371909141541
INFO     [2014-07-23 20:49:16,861] Начинаем обрабатывать файл:for_UFSSP_20140604_124050.txt
ERROR    [2014-07-23 20:49:22,074] Файл:for_UFSSP_20140604_124050.txt. Отстутвует дата исполнения, заменил на null time data '' does not match format '%d.%m.%Y'
INFO     [2014-07-23 20:49:22,074] 2655;0900044852;11.02.2013;ДАРМИЛОВ;ЗАУДИН;ИСМЕЛЕВИЧ;300.00;;ИСПОЛНЕНО;Оплачен по постановлению ССП 67662-13-03-09;

ERROR    [2014-07-23 20:49:22,163] Файл:for_UFSSP_20140604_124050.txt. Отстутвует дата исполнения, заменил на null time data '' does not match format '%d.%m.%Y'
INFO     [2014-07-23 20:49:22,163] 2700;0900045823;13.02.2013;ВАЙТЮК;ЕКАТЕРИНА;МИХАЙЛОВНА;1000.00;;ИСПОЛНЕНО;Оплачен по постановлению ССП 164024-13-02-09;

ERROR    [2014-07-23 20:49:22,867] Файл:for_UFSSP_20140604_124050.txt. Отстутвует дата исполнения, заменил на null time data '' does not match format '%d.%m.%Y'
INFO     [2014-07-23 20:49:22,867] 3066;0900051632;22.02.2013;ЮРЕНКО;АНДРЕЙ;НИКОЛАЕВИЧ;300.00;;ИСПОЛНЕНО;Оплачен по постановлению ССП 3228801-13-04-09;

ERROR    [2014-07-23 20:49:28,927] Файл:for_UFSSP_20140604_124050.txt. Отстутвует дата исполнения, заменил на null time data '' does not match format '%d.%m.%Y'
INFO     [2014-07-23 20:49:28,928] 6469;0900054468;04.03.2013;СЕИТОВ;МУРАДИН;МАГОМЕДОВИЧ;1000.00;;ИСПОЛНЕНО;Оплачен по постановлению ССП 41485-13-15-89;

ERROR    [2014-07-23 20:49:31,195] Файл:for_UFSSP_20140604_124050.txt. Отстутвует дата исполнения, заменил на null time data '' does not match format '%d.%m.%Y'
INFO     [2014-07-23 20:49:31,195] 7669;0900112522;30.07.2013;ЖУЖУЕВ;ЕРИСТАМ;МУХАМЕДОВИЧ;300.00;;ИСПОЛНЕНО;Оплачен по постановлению ССП 11629-14-09-09;

ERROR    [2014-07-23 20:49:32,382] Файл:for_UFSSP_20140604_124050.txt. Отстутвует дата исполнения, заменил на null time data '' does not match format '%d.%m.%Y'
INFO     [2014-07-23 20:49:32,383] 8290;0900011562;22.11.2012;БАЙРАМУКОВ;АРАСУЛ;СУЛАЙМАНОВИЧ;300.00;;ИСПОЛНЕНО;Оплачен по постановлению ССП 16714-14-04-09;

ERROR    [2014-07-23 20:49:32,867] Файл:for_UFSSP_20140604_124050.txt. Отстутвует дата исполнения, заменил на null time data '' does not match format '%d.%m.%Y'
INFO     [2014-07-23 20:49:32,868] 8583;0900017052;29.11.2012;БАТЧАЕВ;ЮРИЙ;БОРИСОВИЧ;300.00;;ИСПОЛНЕНО;Оплачен по постановлению ССП 257572-13-12-09;

ERROR    [2014-07-23 20:49:34,626] Файл:for_UFSSP_20140604_124050.txt. Отстутвует дата исполнения, заменил на null time data '' does not match format '%d.%m.%Y'
INFO     [2014-07-23 20:49:34,626] 9513;0900028473;13.12.2012;КУБАНОВ;КАНАМАТ;КОНСТАНТИНОВИЧ;300.00;;ИСПОЛНЕНО;Оплачен по постановлению ССП 3112941-13-04-09;

ERROR    [2014-07-23 20:49:37,305] Файл:for_UFSSP_20140604_124050.txt. Ошибка в скрипте:
ERROR    [2014-07-23 20:49:37,306] Отсутствует сумма оплаты
INFO     [2014-07-23 20:49:37,306] 10920;0900026103;11.12.2012;КОРКМАЗОВА;АСИЯТ;КАЗИ-МАХМУДОВНА;;13.09.2013;ИСПОЛНЕНО;Оплачен по данным из Казначейства (2-ст.обмен), N транзакции 628064743;

ERROR    [2014-07-23 20:49:37,306] INSERT INTO REESTRS (ID, PACKET_ID, NUM_ID, DATE_ID, LASTNAME, FISTNAME_OGRN, SECONDNAME_INN, SUMM, DATE_ISP, MARK_ISP, PRIM, FILENAME, DATE_ACT, PERIOD_START, PERIOD_END, FIO_OFICER, STATUS, OSP, NUM_IP) VALUES (18020 , 6 , '0900026103' , '11.12.2012' , 'КОРКМАЗОВА' , 'АСИЯТ' , 'КАЗИ-МАХМУДОВНА' ,  , '13.09.2013' , 'ИСПОЛНЕНО' , 'Оплачен по данным из Казначейства (2-ст.обмен), N транзакции 628064743' , 'for_UFSSP_20140604_124050.txt' , '04.06.2014' , '01.01.2013' , '03.06.2014' , 'инспектор ЦАФАП ОДД ГИБДД МВД по КЧР лейтенант полиции Казиев Рамазан Шамильевич
',0, null,null)
ERROR    [2014-07-23 20:49:37,604] Файл:for_UFSSP_20140604_124050.txt. Отстутвует дата исполнения, заменил на null time data '' does not match format '%d.%m.%Y'
INFO     [2014-07-23 20:49:37,604] 11110;0900029246;17.12.2012;КУМУКОВ;ВАЛЕРИЙ;БЕКИРОВИЧ;300.00;;ИСПОЛНЕНО;Оплачен по постановлению ССП 100096-13-03-09;

ERROR    [2014-07-23 20:49:37,955] Файл:for_UFSSP_20140604_124050.txt. Отстутвует дата исполнения, заменил на null time data '' does not match format '%d.%m.%Y'
INFO     [2014-07-23 20:49:37,955] 11467;0900033366;24.12.2012;ДЖАЗАЕВА;КУЛИСТАН;ХАЛИСОВНА;300.00;;ИСПОЛНЕНО;Оплачен по постановлению ССП чек 05916;

ERROR    [2014-07-23 20:49:38,585] Файл:for_UFSSP_20140604_124050.txt. Отстутвует дата исполнения, заменил на null time data '' does not match format '%d.%m.%Y'
INFO     [2014-07-23 20:49:38,585] 11870;0900001366;05.11.2012;ХАТУЕВА;ФАТИМАТ;НАЗИРОВНА;300.00;;ИСПОЛНЕНО;Оплачен по постановлению ССП 56749-13-03-09;

ERROR    [2014-07-23 20:49:39,495] Файл:for_UFSSP_20140604_124050.txt. Отстутвует дата исполнения, заменил на null time data '' does not match format '%d.%m.%Y'
INFO     [2014-07-23 20:49:39,495] 12306;0900042312;04.02.2013;ДЕРЕВ;МУХАДИН;АУБЕКИРОВИЧ;300.00;;ИСПОЛНЕНО;Оплачен по постановлению ССП 21185-13-12-09;

ERROR    [2014-07-23 20:49:40,106] Файл:for_UFSSP_20140604_124050.txt. Отстутвует дата исполнения, заменил на null time data '' does not match format '%d.%m.%Y'
INFO     [2014-07-23 20:49:40,106] 12568;0900003368;09.11.2012;КЕЧЕРУКОВ;ШАМИЛЬ;ШАМШУДИНОВИЧ;300.00;;ИСПОЛНЕНО;Оплачен по постановлению ССП чек 26679;

ERROR    [2014-07-23 20:49:41,055] Файл:for_UFSSP_20140604_124050.txt. Отстутвует дата исполнения, заменил на null time data '' does not match format '%d.%m.%Y'
INFO     [2014-07-23 20:49:41,056] 13035;0900037640;21.01.2013;ДЖАЗАЕВА;КУЛИСТАН;ХАЛИСОВНА;300.00;;ИСПОЛНЕНО;Оплачен по постановлению ССП чек 05917;

ERROR    [2014-07-23 20:49:41,440] Файл:for_UFSSP_20140604_124050.txt. Отстутвует дата исполнения, заменил на null time data '' does not match format '%d.%m.%Y'
INFO     [2014-07-23 20:49:41,441] 13224;0900036295;17.01.2013;ХАСАНОВ;АЗРЕТ;МУХТАРОВИЧ;300.00;;ИСПОЛНЕНО;Оплачен по постановлению ССП 2863956-13-04-09;

ERROR    [2014-07-23 20:49:46,034] Файл:for_UFSSP_20140604_124050.txt. Отстутвует дата исполнения, заменил на null time data '' does not match format '%d.%m.%Y'
INFO     [2014-07-23 20:49:46,034] 15421;0900018284;30.11.2012;АЛИЕВ;МУАЕД;ТИРОВИЧ;300.00;;ИСПОЛНЕНО;Оплачен по постановлению ССП 66335-13-03-09;

ERROR    [2014-07-23 20:49:50,166] Файл:for_UFSSP_20140604_124050.txt. Отстутвует дата исполнения, заменил на null time data '' does not match format '%d.%m.%Y'
INFO     [2014-07-23 20:49:50,167] 17366;0900027301;12.12.2012;БАБИЧЕВ;НИКОЛАЙ;ТИХОНОВИЧ;300.00;;ИСПОЛНЕНО;Оплачен по постановлению ССП 163795-13-09-09;

ERROR    [2014-07-23 20:49:53,298] Файл:for_UFSSP_20140604_124050.txt. Отстутвует дата исполнения, заменил на null time data '' does not match format '%d.%m.%Y'
INFO     [2014-07-23 20:49:53,298] 18368;0900046364;14.02.2013;МУКАЕВ;СЕГДУЛ;ДАХИРОВИЧ;300.00;;ИСПОЛНЕНО;Оплачен по постановлению ССП 257569-13-12-09;

ERROR    [2014-07-23 20:49:54,799] Файл:for_UFSSP_20140604_124050.txt. Отстутвует дата исполнения, заменил на null time data '' does not match format '%d.%m.%Y'
INFO     [2014-07-23 20:49:54,800] 18834;0900055576;07.03.2013;ШЕВХУЖЕВ;МУХАРБИЙ;МУХАМЕДОВИЧ;300.00;;ИСПОЛНЕНО;Оплачен по постановлению ССП 64770-13-09-09;

ERROR    [2014-07-23 20:49:58,783] Файл:for_UFSSP_20140604_124050.txt. Отстутвует дата исполнения, заменил на null time data '' does not match format '%d.%m.%Y'
INFO     [2014-07-23 20:49:58,783] 20034;0900073816;24.04.2013;БЕТУГАНОВ;РАШИД;ХАСАНОВИЧ;300.00;;ИСПОЛНЕНО;Оплачен по постановлению ССП 54937-13-09-09;

ERROR    [2014-07-23 20:50:03,005] Файл:for_UFSSP_20140604_124050.txt. Отстутвует дата исполнения, заменил на null time data '' does not match format '%d.%m.%Y'
INFO     [2014-07-23 20:50:03,006] 21827;0900094786;18.06.2013;ДЖАЗАЕВА;КУЛИСТАН;ХАЛИСОВНА;300.00;;ИСПОЛНЕНО;Оплачен по постановлению ССП чек 05910;

ERROR    [2014-07-23 20:50:05,106] Файл:for_UFSSP_20140604_124050.txt. Отстутвует дата исполнения, заменил на null time data '' does not match format '%d.%m.%Y'
INFO     [2014-07-23 20:50:05,107] 22852;0900042121;04.02.2013;ТАМОВ;АСЛАН;АЛИЕВИЧ;300.00;;ИСПОЛНЕНО;Оплачен по постановлению ССП 214623-13-12-09;

ERROR    [2014-07-23 20:50:14,382] Файл:for_UFSSP_20140604_124050.txt. Отстутвует дата исполнения, заменил на null time data '' does not match format '%d.%m.%Y'
INFO     [2014-07-23 20:50:14,383] 25312;0900078978;08.05.2013;ДОБАГОВ;АСЛАН;ШУГАИБОВИЧ;300.00;;ИСПОЛНЕНО;Оплачен по постановлению ССП 54929-13-09-09;

ERROR    [2014-07-23 20:50:15,292] Файл:for_UFSSP_20140604_124050.txt. Отстутвует дата исполнения, заменил на null time data '' does not match format '%d.%m.%Y'
INFO     [2014-07-23 20:50:15,293] 25552;0900081683;15.05.2013;ДАУРОВ;ВАЛЕРИЙ;БОРИСОВИЧ;300.00;;ИСПОЛНЕНО;Оплачен по чеку 58535 ;

ERROR    [2014-07-23 20:50:17,034] Файл:for_UFSSP_20140604_124050.txt. Отстутвует дата исполнения, заменил на null time data '' does not match format '%d.%m.%Y'
INFO     [2014-07-23 20:50:17,034] 26005;0900086830;29.05.2013;КИТАОВ;АСЛАН;АРТУРОВИЧ;300.00;;ИСПОЛНЕНО;Оплачен по постановлению ССП 62368-13-09-09;

ERROR    [2014-07-23 20:50:19,672] Файл:for_UFSSP_20140604_124050.txt. Отстутвует дата исполнения, заменил на null time data '' does not match format '%d.%m.%Y'
INFO     [2014-07-23 20:50:19,672] 26779;0900098952;25.06.2013;БРАЦИХИН;АЛЕКСАНДР;ВАЛЕНТИНОВИЧ;300.00;;ИСПОЛНЕНО;Оплачен по постановлению ССП 600323-13-02-09;

ERROR    [2014-07-23 20:50:20,059] Файл:for_UFSSP_20140604_124050.txt. Отстутвует дата исполнения, заменил на null time data '' does not match format '%d.%m.%Y'
INFO     [2014-07-23 20:50:20,059] 26849;0900100494;27.06.2013;ЭДИЕВ;ХУСЕИН;ШАМИЛЕВИЧ;300.00;;ИСПОЛНЕНО;Оплачен по постановлению ССП 207993-13-06-09;

ERROR    [2014-07-23 20:50:25,006] Файл:for_UFSSP_20140604_124050.txt. Ошибка в скрипте:
ERROR    [2014-07-23 20:50:25,007] Отсутствует сумма оплаты
INFO     [2014-07-23 20:50:25,007] 28243;0900126802;10.09.2013;ДРУЖИНИН;СЕРГЕЙ;МИХАЙЛОВИЧ;;17.03.2014;ИСПОЛНЕНО;Оплачен по данным из УФК по КЧР, N ПП - 546;

ERROR    [2014-07-23 20:50:25,007] INSERT INTO REESTRS (ID, PACKET_ID, NUM_ID, DATE_ID, LASTNAME, FISTNAME_OGRN, SECONDNAME_INN, SUMM, DATE_ISP, MARK_ISP, PRIM, FILENAME, DATE_ACT, PERIOD_START, PERIOD_END, FIO_OFICER, STATUS, OSP, NUM_IP) VALUES (35343 , 6 , '0900126802' , '10.09.2013' , 'ДРУЖИНИН' , 'СЕРГЕЙ' , 'МИХАЙЛОВИЧ' ,  , '17.03.2014' , 'ИСПОЛНЕНО' , 'Оплачен по данным из УФК по КЧР, N ПП - 546' , 'for_UFSSP_20140604_124050.txt' , '04.06.2014' , '01.01.2013' , '03.06.2014' , 'инспектор ЦАФАП ОДД ГИБДД МВД по КЧР лейтенант полиции Казиев Рамазан Шамильевич
',0, null,null)
ERROR    [2014-07-23 20:50:30,245] Файл:for_UFSSP_20140604_124050.txt. Отстутвует дата исполнения, заменил на null time data '' does not match format '%d.%m.%Y'
INFO     [2014-07-23 20:50:30,246] 29578;0900083588;20.05.2013;ЛАГУЧЕВ;МУАЯД;МУХАРБИЕВИЧ;2000.00;;ИСПОЛНЕНО;Оплачен по постановлению ССП 3104329-13-04-09;

ERROR    [2014-07-23 20:50:33,091] Файл:for_UFSSP_20140604_124050.txt. Отстутвует дата исполнения, заменил на null time data '' does not match format '%d.%m.%Y'
INFO     [2014-07-23 20:50:33,091] 30404;0900119469;16.08.2013;ДЕКУШЕВ;РУСЛАН;ИССАЕВИЧ;300.00;;ИСПОЛНЕНО;Оплачен по постановлению ССП 3248-14-08-09;

ERROR    [2014-07-23 20:50:39,688] Файл:for_UFSSP_20140604_124050.txt. Отстутвует дата исполнения, заменил на null time data '' does not match format '%d.%m.%Y'
INFO     [2014-07-23 20:50:39,689] 32488;0900068527;10.04.2013;ДОБАГОВ;АСЛАН;ШУГАИБОВИЧ;300.00;;ИСПОЛНЕНО;Оплачен по постановлению ССП 54930-13-09-09;

ERROR    [2014-07-23 20:50:42,190] Файл:for_UFSSP_20140604_124050.txt. Отстутвует дата исполнения, заменил на null time data '' does not match format '%d.%m.%Y'
INFO     [2014-07-23 20:50:42,190] 33136;0900065140;01.04.2013;АГИРБОВ;ВАЛЕНТИН;ВЛАДИМИРОВИЧ;1000.00;;ИСПОЛНЕНО;Оплачен по постановлению ССП 62308-13-09-09;

INFO     [2014-07-23 20:50:45,049] Elapsed time:88.1882278919
INFO     [2014-07-23 20:50:45,050] Начинаем обрабатывать файл:for_UFSSP_20140630_123143.txt
INFO     [2014-07-23 20:50:48,028] Elapsed time:2.97778391838
INFO     [2014-07-26 16:13:38,099] Начинаем обрабатывать файл:for_UFSSP_20140723_144532.txt
INFO     [2014-07-26 16:13:39,337] Elapsed time:1.23776507378
INFO     [2014-07-26 16:13:39,337] Начинаем обрабатывать файл:for_UFSSP_20140609_093724.txt
INFO     [2014-07-26 16:13:39,634] Elapsed time:0.297157049179
INFO     [2014-07-26 16:13:39,635] Начинаем обрабатывать файл:for_UFSSP_20131219_184058.txt
ERROR    [2014-07-26 16:13:40,218] Файл:for_UFSSP_20131219_184058.txt. Отстутвует дата исполнения, заменил на null time data '' does not match format '%d.%m.%Y'
INFO     [2014-07-26 16:13:40,218] 471;0900044852;11.02.2013;ДАРМИЛОВ;ЗАУДИН;ИСМЕЛЕВИЧ;300.00;;ИСПОЛНЕНО;Оплачен по постановлению ССП 67662-13-03-09;

ERROR    [2014-07-26 16:13:41,485] Файл:for_UFSSP_20131219_184058.txt. Отстутвует дата исполнения, заменил на null time data '' does not match format '%d.%m.%Y'
INFO     [2014-07-26 16:13:41,486] 1369;0900028473;13.12.2012;КУБАНОВ;КАНАМАТ;КОНСТАНТИНОВИЧ;300.00;;ИСПОЛНЕНО;Оплачен по постановлению ССП 3112941-13-04-09;

ERROR    [2014-07-26 16:13:42,030] Файл:for_UFSSP_20131219_184058.txt. Отстутвует дата исполнения, заменил на null time data '' does not match format '%d.%m.%Y'
INFO     [2014-07-26 16:13:42,030] 1653;0900029246;17.12.2012;КУМУКОВ;ВАЛЕРИЙ;БЕКИРОВИЧ;300.00;;ИСПОЛНЕНО;Оплачен по постановлению ССП 100096-13-03-09;

ERROR    [2014-07-26 16:13:42,617] Файл:for_UFSSP_20131219_184058.txt. Отстутвует дата исполнения, заменил на null time data '' does not match format '%d.%m.%Y'
INFO     [2014-07-26 16:13:42,617] 1948;0900036295;17.01.2013;ХАСАНОВ;АЗРЕТ;МУХТАРОВИЧ;300.00;;ИСПОЛНЕНО;Оплачен по постановлению ССП 2863956-13-04-09;

ERROR    [2014-07-26 16:13:43,270] Файл:for_UFSSP_20131219_184058.txt. Отстутвует дата исполнения, заменил на null time data '' does not match format '%d.%m.%Y'
INFO     [2014-07-26 16:13:43,270] 2277;0900018284;30.11.2012;АЛИЕВ;МУАЕД;ТИРОВИЧ;300.00;;ИСПОЛНЕНО;Оплачен по постановлению ССП 66335-13-03-09;

ERROR    [2014-07-26 16:13:47,813] Файл:for_UFSSP_20131219_184058.txt. Отстутвует дата исполнения, заменил на null time data '' does not match format '%d.%m.%Y'
INFO     [2014-07-26 16:13:47,813] 4869;0900083588;20.05.2013;ЛАГУЧЕВ;МУАЯД;МУХАРБИЕВИЧ;2000.00;;ИСПОЛНЕНО;Оплачен по постановлению ССП 3104329-13-04-09;

INFO     [2014-07-26 16:13:49,019] Elapsed time:9.38440513611
INFO     [2014-07-26 16:13:49,020] Начинаем обрабатывать файл:for_UFSSP_20140707_084506.txt
ERROR    [2014-07-26 16:13:50,145] Файл:for_UFSSP_20140707_084506.txt. Отстутвует дата исполнения, заменил на null time data '' does not match format '%d.%m.%Y'
INFO     [2014-07-26 16:13:50,146] 591;0900089895;06.06.2013;СЕМЕНОВ;ТИЛИМЕК;СЕЙПУЛОВИЧ;300.00;;ИСПОЛНЕНО;Оплачен по постановлению ССП 164977-13-10-09;

INFO     [2014-07-26 16:13:50,579] Elapsed time:1.55983996391
INFO     [2014-07-26 16:13:50,580] Начинаем обрабатывать файл:for_UFSSP_20140623_135250.txt
INFO     [2014-07-26 16:13:51,447] Elapsed time:0.866950035095
INFO     [2014-07-26 16:13:51,447] Начинаем обрабатывать файл:for_UFSSP_20140616_100245.txt
INFO     [2014-07-26 16:13:51,993] Elapsed time:0.545434951782
INFO     [2014-07-26 16:13:51,993] Начинаем обрабатывать файл:for_UFSSP_20140714_111949.txt
INFO     [2014-07-26 16:13:56,442] Elapsed time:4.44867801666
INFO     [2014-07-26 16:13:56,442] Начинаем обрабатывать файл:for_UFSSP_20140604_124050.txt
ERROR    [2014-07-26 16:14:01,663] Файл:for_UFSSP_20140604_124050.txt. Отстутвует дата исполнения, заменил на null time data '' does not match format '%d.%m.%Y'
INFO     [2014-07-26 16:14:01,663] 2655;0900044852;11.02.2013;ДАРМИЛОВ;ЗАУДИН;ИСМЕЛЕВИЧ;300.00;;ИСПОЛНЕНО;Оплачен по постановлению ССП 67662-13-03-09;

ERROR    [2014-07-26 16:14:01,720] Файл:for_UFSSP_20140604_124050.txt. Отстутвует дата исполнения, заменил на null time data '' does not match format '%d.%m.%Y'
INFO     [2014-07-26 16:14:01,720] 2700;0900045823;13.02.2013;ВАЙТЮК;ЕКАТЕРИНА;МИХАЙЛОВНА;1000.00;;ИСПОЛНЕНО;Оплачен по постановлению ССП 164024-13-02-09;

ERROR    [2014-07-26 16:14:02,244] Файл:for_UFSSP_20140604_124050.txt. Отстутвует дата исполнения, заменил на null time data '' does not match format '%d.%m.%Y'
INFO     [2014-07-26 16:14:02,245] 3066;0900051632;22.02.2013;ЮРЕНКО;АНДРЕЙ;НИКОЛАЕВИЧ;300.00;;ИСПОЛНЕНО;Оплачен по постановлению ССП 3228801-13-04-09;

ERROR    [2014-07-26 16:14:09,204] Файл:for_UFSSP_20140604_124050.txt. Отстутвует дата исполнения, заменил на null time data '' does not match format '%d.%m.%Y'
INFO     [2014-07-26 16:14:09,204] 6469;0900054468;04.03.2013;СЕИТОВ;МУРАДИН;МАГОМЕДОВИЧ;1000.00;;ИСПОЛНЕНО;Оплачен по постановлению ССП 41485-13-15-89;

ERROR    [2014-07-26 16:14:11,836] Файл:for_UFSSP_20140604_124050.txt. Отстутвует дата исполнения, заменил на null time data '' does not match format '%d.%m.%Y'
INFO     [2014-07-26 16:14:11,837] 7669;0900112522;30.07.2013;ЖУЖУЕВ;ЕРИСТАМ;МУХАМЕДОВИЧ;300.00;;ИСПОЛНЕНО;Оплачен по постановлению ССП 11629-14-09-09;

ERROR    [2014-07-26 16:14:13,924] Файл:for_UFSSP_20140604_124050.txt. Отстутвует дата исполнения, заменил на null time data '' does not match format '%d.%m.%Y'
INFO     [2014-07-26 16:14:13,924] 8290;0900011562;22.11.2012;БАЙРАМУКОВ;АРАСУЛ;СУЛАЙМАНОВИЧ;300.00;;ИСПОЛНЕНО;Оплачен по постановлению ССП 16714-14-04-09;

ERROR    [2014-07-26 16:14:14,533] Файл:for_UFSSP_20140604_124050.txt. Отстутвует дата исполнения, заменил на null time data '' does not match format '%d.%m.%Y'
INFO     [2014-07-26 16:14:14,533] 8583;0900017052;29.11.2012;БАТЧАЕВ;ЮРИЙ;БОРИСОВИЧ;300.00;;ИСПОЛНЕНО;Оплачен по постановлению ССП 257572-13-12-09;

ERROR    [2014-07-26 16:14:16,222] Файл:for_UFSSP_20140604_124050.txt. Отстутвует дата исполнения, заменил на null time data '' does not match format '%d.%m.%Y'
INFO     [2014-07-26 16:14:16,222] 9513;0900028473;13.12.2012;КУБАНОВ;КАНАМАТ;КОНСТАНТИНОВИЧ;300.00;;ИСПОЛНЕНО;Оплачен по постановлению ССП 3112941-13-04-09;

ERROR    [2014-07-26 16:14:20,005] Файл:for_UFSSP_20140604_124050.txt. Ошибка в скрипте:
ERROR    [2014-07-26 16:14:20,006] Отсутствует сумма оплаты
INFO     [2014-07-26 16:14:20,006] 10920;0900026103;11.12.2012;КОРКМАЗОВА;АСИЯТ;КАЗИ-МАХМУДОВНА;;13.09.2013;ИСПОЛНЕНО;Оплачен по данным из Казначейства (2-ст.обмен), N транзакции 628064743;

ERROR    [2014-07-26 16:14:20,006] INSERT INTO REESTRS (ID, PACKET_ID, NUM_ID, DATE_ID, LASTNAME, FISTNAME_OGRN, SECONDNAME_INN, SUMM, DATE_ISP, MARK_ISP, PRIM, FILENAME, DATE_ACT, PERIOD_START, PERIOD_END, FIO_OFICER, STATUS, OSP, NUM_IP) VALUES (20237 , 8 , '0900026103' , '11.12.2012' , 'КОРКМАЗОВА' , 'АСИЯТ' , 'КАЗИ-МАХМУДОВНА' ,  , '13.09.2013' , 'ИСПОЛНЕНО' , 'Оплачен по данным из Казначейства (2-ст.обмен), N транзакции 628064743' , 'for_UFSSP_20140604_124050.txt' , '04.06.2014' , '01.01.2013' , '03.06.2014' , 'инспектор ЦАФАП ОДД ГИБДД МВД по КЧР лейтенант полиции Казиев Рамазан Шамильевич
',0, null,null)
ERROR    [2014-07-26 16:14:20,414] Файл:for_UFSSP_20140604_124050.txt. Отстутвует дата исполнения, заменил на null time data '' does not match format '%d.%m.%Y'
INFO     [2014-07-26 16:14:20,414] 11110;0900029246;17.12.2012;КУМУКОВ;ВАЛЕРИЙ;БЕКИРОВИЧ;300.00;;ИСПОЛНЕНО;Оплачен по постановлению ССП 100096-13-03-09;

ERROR    [2014-07-26 16:14:21,202] Файл:for_UFSSP_20140604_124050.txt. Отстутвует дата исполнения, заменил на null time data '' does not match format '%d.%m.%Y'
INFO     [2014-07-26 16:14:21,202] 11467;0900033366;24.12.2012;ДЖАЗАЕВА;КУЛИСТАН;ХАЛИСОВНА;300.00;;ИСПОЛНЕНО;Оплачен по постановлению ССП чек 05916;

ERROR    [2014-07-26 16:14:22,066] Файл:for_UFSSP_20140604_124050.txt. Отстутвует дата исполнения, заменил на null time data '' does not match format '%d.%m.%Y'
INFO     [2014-07-26 16:14:22,066] 11870;0900001366;05.11.2012;ХАТУЕВА;ФАТИМАТ;НАЗИРОВНА;300.00;;ИСПОЛНЕНО;Оплачен по постановлению ССП 56749-13-03-09;

ERROR    [2014-07-26 16:14:23,028] Файл:for_UFSSP_20140604_124050.txt. Отстутвует дата исполнения, заменил на null time data '' does not match format '%d.%m.%Y'
INFO     [2014-07-26 16:14:23,028] 12306;0900042312;04.02.2013;ДЕРЕВ;МУХАДИН;АУБЕКИРОВИЧ;300.00;;ИСПОЛНЕНО;Оплачен по постановлению ССП 21185-13-12-09;

ERROR    [2014-07-26 16:14:23,828] Файл:for_UFSSP_20140604_124050.txt. Отстутвует дата исполнения, заменил на null time data '' does not match format '%d.%m.%Y'
INFO     [2014-07-26 16:14:23,828] 12568;0900003368;09.11.2012;КЕЧЕРУКОВ;ШАМИЛЬ;ШАМШУДИНОВИЧ;300.00;;ИСПОЛНЕНО;Оплачен по постановлению ССП чек 26679;

ERROR    [2014-07-26 16:14:25,277] Файл:for_UFSSP_20140604_124050.txt. Отстутвует дата исполнения, заменил на null time data '' does not match format '%d.%m.%Y'
INFO     [2014-07-26 16:14:25,277] 13035;0900037640;21.01.2013;ДЖАЗАЕВА;КУЛИСТАН;ХАЛИСОВНА;300.00;;ИСПОЛНЕНО;Оплачен по постановлению ССП чек 05917;

ERROR    [2014-07-26 16:14:25,851] Файл:for_UFSSP_20140604_124050.txt. Отстутвует дата исполнения, заменил на null time data '' does not match format '%d.%m.%Y'
INFO     [2014-07-26 16:14:25,851] 13224;0900036295;17.01.2013;ХАСАНОВ;АЗРЕТ;МУХТАРОВИЧ;300.00;;ИСПОЛНЕНО;Оплачен по постановлению ССП 2863956-13-04-09;

ERROR    [2014-07-26 16:14:32,722] Файл:for_UFSSP_20140604_124050.txt. Отстутвует дата исполнения, заменил на null time data '' does not match format '%d.%m.%Y'
INFO     [2014-07-26 16:14:32,722] 15421;0900018284;30.11.2012;АЛИЕВ;МУАЕД;ТИРОВИЧ;300.00;;ИСПОЛНЕНО;Оплачен по постановлению ССП 66335-13-03-09;

ERROR    [2014-07-26 16:14:38,613] Файл:for_UFSSP_20140604_124050.txt. Отстутвует дата исполнения, заменил на null time data '' does not match format '%d.%m.%Y'
INFO     [2014-07-26 16:14:38,614] 17366;0900027301;12.12.2012;БАБИЧЕВ;НИКОЛАЙ;ТИХОНОВИЧ;300.00;;ИСПОЛНЕНО;Оплачен по постановлению ССП 163795-13-09-09;

ERROR    [2014-07-26 16:14:41,788] Файл:for_UFSSP_20140604_124050.txt. Отстутвует дата исполнения, заменил на null time data '' does not match format '%d.%m.%Y'
INFO     [2014-07-26 16:14:41,789] 18368;0900046364;14.02.2013;МУКАЕВ;СЕГДУЛ;ДАХИРОВИЧ;300.00;;ИСПОЛНЕНО;Оплачен по постановлению ССП 257569-13-12-09;

ERROR    [2014-07-26 16:14:43,231] Файл:for_UFSSP_20140604_124050.txt. Отстутвует дата исполнения, заменил на null time data '' does not match format '%d.%m.%Y'
INFO     [2014-07-26 16:14:43,231] 18834;0900055576;07.03.2013;ШЕВХУЖЕВ;МУХАРБИЙ;МУХАМЕДОВИЧ;300.00;;ИСПОЛНЕНО;Оплачен по постановлению ССП 64770-13-09-09;

ERROR    [2014-07-26 16:14:46,952] Файл:for_UFSSP_20140604_124050.txt. Отстутвует дата исполнения, заменил на null time data '' does not match format '%d.%m.%Y'
INFO     [2014-07-26 16:14:46,952] 20034;0900073816;24.04.2013;БЕТУГАНОВ;РАШИД;ХАСАНОВИЧ;300.00;;ИСПОЛНЕНО;Оплачен по постановлению ССП 54937-13-09-09;

ERROR    [2014-07-26 16:14:52,517] Файл:for_UFSSP_20140604_124050.txt. Отстутвует дата исполнения, заменил на null time data '' does not match format '%d.%m.%Y'
INFO     [2014-07-26 16:14:52,517] 21827;0900094786;18.06.2013;ДЖАЗАЕВА;КУЛИСТАН;ХАЛИСОВНА;300.00;;ИСПОЛНЕНО;Оплачен по постановлению ССП чек 05910;

ERROR    [2014-07-26 16:14:55,706] Файл:for_UFSSP_20140604_124050.txt. Отстутвует дата исполнения, заменил на null time data '' does not match format '%d.%m.%Y'
INFO     [2014-07-26 16:14:55,706] 22852;0900042121;04.02.2013;ТАМОВ;АСЛАН;АЛИЕВИЧ;300.00;;ИСПОЛНЕНО;Оплачен по постановлению ССП 214623-13-12-09;

ERROR    [2014-07-26 16:15:01,908] Файл:for_UFSSP_20140604_124050.txt. Отстутвует дата исполнения, заменил на null time data '' does not match format '%d.%m.%Y'
INFO     [2014-07-26 16:15:01,909] 25312;0900078978;08.05.2013;ДОБАГОВ;АСЛАН;ШУГАИБОВИЧ;300.00;;ИСПОЛНЕНО;Оплачен по постановлению ССП 54929-13-09-09;

ERROR    [2014-07-26 16:15:02,878] Файл:for_UFSSP_20140604_124050.txt. Отстутвует дата исполнения, заменил на null time data '' does not match format '%d.%m.%Y'
INFO     [2014-07-26 16:15:02,878] 25552;0900081683;15.05.2013;ДАУРОВ;ВАЛЕРИЙ;БОРИСОВИЧ;300.00;;ИСПОЛНЕНО;Оплачен по чеку 58535 ;

ERROR    [2014-07-26 16:15:04,676] Файл:for_UFSSP_20140604_124050.txt. Отстутвует дата исполнения, заменил на null time data '' does not match format '%d.%m.%Y'
INFO     [2014-07-26 16:15:04,676] 26005;0900086830;29.05.2013;КИТАОВ;АСЛАН;АРТУРОВИЧ;300.00;;ИСПОЛНЕНО;Оплачен по постановлению ССП 62368-13-09-09;

ERROR    [2014-07-26 16:15:07,793] Файл:for_UFSSP_20140604_124050.txt. Отстутвует дата исполнения, заменил на null time data '' does not match format '%d.%m.%Y'
INFO     [2014-07-26 16:15:07,794] 26779;0900098952;25.06.2013;БРАЦИХИН;АЛЕКСАНДР;ВАЛЕНТИНОВИЧ;300.00;;ИСПОЛНЕНО;Оплачен по постановлению ССП 600323-13-02-09;

ERROR    [2014-07-26 16:15:08,042] Файл:for_UFSSP_20140604_124050.txt. Отстутвует дата исполнения, заменил на null time data '' does not match format '%d.%m.%Y'
INFO     [2014-07-26 16:15:08,042] 26849;0900100494;27.06.2013;ЭДИЕВ;ХУСЕИН;ШАМИЛЕВИЧ;300.00;;ИСПОЛНЕНО;Оплачен по постановлению ССП 207993-13-06-09;

ERROR    [2014-07-26 16:15:13,675] Файл:for_UFSSP_20140604_124050.txt. Ошибка в скрипте:
ERROR    [2014-07-26 16:15:13,675] Отсутствует сумма оплаты
INFO     [2014-07-26 16:15:13,675] 28243;0900126802;10.09.2013;ДРУЖИНИН;СЕРГЕЙ;МИХАЙЛОВИЧ;;17.03.2014;ИСПОЛНЕНО;Оплачен по данным из УФК по КЧР, N ПП - 546;

ERROR    [2014-07-26 16:15:13,676] INSERT INTO REESTRS (ID, PACKET_ID, NUM_ID, DATE_ID, LASTNAME, FISTNAME_OGRN, SECONDNAME_INN, SUMM, DATE_ISP, MARK_ISP, PRIM, FILENAME, DATE_ACT, PERIOD_START, PERIOD_END, FIO_OFICER, STATUS, OSP, NUM_IP) VALUES (37560 , 8 , '0900126802' , '10.09.2013' , 'ДРУЖИНИН' , 'СЕРГЕЙ' , 'МИХАЙЛОВИЧ' ,  , '17.03.2014' , 'ИСПОЛНЕНО' , 'Оплачен по данным из УФК по КЧР, N ПП - 546' , 'for_UFSSP_20140604_124050.txt' , '04.06.2014' , '01.01.2013' , '03.06.2014' , 'инспектор ЦАФАП ОДД ГИБДД МВД по КЧР лейтенант полиции Казиев Рамазан Шамильевич
',0, null,null)
ERROR    [2014-07-26 16:15:17,178] Файл:for_UFSSP_20140604_124050.txt. Отстутвует дата исполнения, заменил на null time data '' does not match format '%d.%m.%Y'
INFO     [2014-07-26 16:15:17,178] 29578;0900083588;20.05.2013;ЛАГУЧЕВ;МУАЯД;МУХАРБИЕВИЧ;2000.00;;ИСПОЛНЕНО;Оплачен по постановлению ССП 3104329-13-04-09;

ERROR    [2014-07-26 16:15:18,769] Файл:for_UFSSP_20140604_124050.txt. Отстутвует дата исполнения, заменил на null time data '' does not match format '%d.%m.%Y'
INFO     [2014-07-26 16:15:18,769] 30404;0900119469;16.08.2013;ДЕКУШЕВ;РУСЛАН;ИССАЕВИЧ;300.00;;ИСПОЛНЕНО;Оплачен по постановлению ССП 3248-14-08-09;

ERROR    [2014-07-26 16:15:24,676] Файл:for_UFSSP_20140604_124050.txt. Отстутвует дата исполнения, заменил на null time data '' does not match format '%d.%m.%Y'
INFO     [2014-07-26 16:15:24,676] 32488;0900068527;10.04.2013;ДОБАГОВ;АСЛАН;ШУГАИБОВИЧ;300.00;;ИСПОЛНЕНО;Оплачен по постановлению ССП 54930-13-09-09;

ERROR    [2014-07-26 16:15:26,850] Файл:for_UFSSP_20140604_124050.txt. Отстутвует дата исполнения, заменил на null time data '' does not match format '%d.%m.%Y'
INFO     [2014-07-26 16:15:26,851] 33136;0900065140;01.04.2013;АГИРБОВ;ВАЛЕНТИН;ВЛАДИМИРОВИЧ;1000.00;;ИСПОЛНЕНО;Оплачен по постановлению ССП 62308-13-09-09;

INFO     [2014-07-26 16:15:29,415] Elapsed time:92.9730439186
INFO     [2014-07-26 16:15:29,416] Начинаем обрабатывать файл:for_UFSSP_20140630_123143.txt
INFO     [2014-07-26 16:15:32,066] Elapsed time:2.64976119995
INFO     [2014-07-26 19:52:28,241] Начинаем обрабатывать файл:for_UFSSP_20140723_144532.txt
INFO     [2014-07-26 19:52:29,638] Elapsed time:1.39697289467
INFO     [2014-07-26 19:52:29,638] Начинаем обрабатывать файл:for_UFSSP_20140609_093724.txt
INFO     [2014-07-26 19:52:29,846] Elapsed time:0.207901000977
INFO     [2014-07-26 19:52:29,846] Начинаем обрабатывать файл:for_UFSSP_20131219_184058.txt
ERROR    [2014-07-26 19:52:30,503] Файл:for_UFSSP_20131219_184058.txt. Отстутвует дата исполнения, заменил на null time data '' does not match format '%d.%m.%Y'
INFO     [2014-07-26 19:52:30,503] 471;0900044852;11.02.2013;ДАРМИЛОВ;ЗАУДИН;ИСМЕЛЕВИЧ;300.00;;ИСПОЛНЕНО;Оплачен по постановлению ССП 67662-13-03-09;

ERROR    [2014-07-26 19:52:32,020] Файл:for_UFSSP_20131219_184058.txt. Отстутвует дата исполнения, заменил на null time data '' does not match format '%d.%m.%Y'
INFO     [2014-07-26 19:52:32,020] 1369;0900028473;13.12.2012;КУБАНОВ;КАНАМАТ;КОНСТАНТИНОВИЧ;300.00;;ИСПОЛНЕНО;Оплачен по постановлению ССП 3112941-13-04-09;

ERROR    [2014-07-26 19:52:32,538] Файл:for_UFSSP_20131219_184058.txt. Отстутвует дата исполнения, заменил на null time data '' does not match format '%d.%m.%Y'
INFO     [2014-07-26 19:52:32,539] 1653;0900029246;17.12.2012;КУМУКОВ;ВАЛЕРИЙ;БЕКИРОВИЧ;300.00;;ИСПОЛНЕНО;Оплачен по постановлению ССП 100096-13-03-09;

ERROR    [2014-07-26 19:52:33,088] Файл:for_UFSSP_20131219_184058.txt. Отстутвует дата исполнения, заменил на null time data '' does not match format '%d.%m.%Y'
INFO     [2014-07-26 19:52:33,088] 1948;0900036295;17.01.2013;ХАСАНОВ;АЗРЕТ;МУХТАРОВИЧ;300.00;;ИСПОЛНЕНО;Оплачен по постановлению ССП 2863956-13-04-09;

ERROR    [2014-07-26 19:52:33,687] Файл:for_UFSSP_20131219_184058.txt. Отстутвует дата исполнения, заменил на null time data '' does not match format '%d.%m.%Y'
INFO     [2014-07-26 19:52:33,687] 2277;0900018284;30.11.2012;АЛИЕВ;МУАЕД;ТИРОВИЧ;300.00;;ИСПОЛНЕНО;Оплачен по постановлению ССП 66335-13-03-09;

ERROR    [2014-07-26 19:52:38,020] Файл:for_UFSSP_20131219_184058.txt. Отстутвует дата исполнения, заменил на null time data '' does not match format '%d.%m.%Y'
INFO     [2014-07-26 19:52:38,020] 4869;0900083588;20.05.2013;ЛАГУЧЕВ;МУАЯД;МУХАРБИЕВИЧ;2000.00;;ИСПОЛНЕНО;Оплачен по постановлению ССП 3104329-13-04-09;

INFO     [2014-07-26 19:52:38,986] Elapsed time:9.13924312592
INFO     [2014-07-26 19:52:38,986] Начинаем обрабатывать файл:for_UFSSP_20140707_084506.txt
ERROR    [2014-07-26 19:52:39,843] Файл:for_UFSSP_20140707_084506.txt. Отстутвует дата исполнения, заменил на null time data '' does not match format '%d.%m.%Y'
INFO     [2014-07-26 19:52:39,843] 591;0900089895;06.06.2013;СЕМЕНОВ;ТИЛИМЕК;СЕЙПУЛОВИЧ;300.00;;ИСПОЛНЕНО;Оплачен по постановлению ССП 164977-13-10-09;

INFO     [2014-07-26 19:52:40,332] Elapsed time:1.34618091583
INFO     [2014-07-26 19:52:40,333] Начинаем обрабатывать файл:for_UFSSP_20140623_135250.txt
INFO     [2014-07-26 19:52:41,154] Elapsed time:0.8210542202
INFO     [2014-07-26 19:52:41,154] Начинаем обрабатывать файл:for_UFSSP_20140616_100245.txt
INFO     [2014-07-26 19:52:41,549] Elapsed time:0.394757986069
INFO     [2014-07-26 19:52:41,550] Начинаем обрабатывать файл:for_UFSSP_20140714_111949.txt
INFO     [2014-07-26 19:52:44,088] Elapsed time:2.53885197639
INFO     [2014-07-26 19:52:44,089] Начинаем обрабатывать файл:for_UFSSP_20140604_124050.txt
ERROR    [2014-07-26 19:52:49,179] Файл:for_UFSSP_20140604_124050.txt. Отстутвует дата исполнения, заменил на null time data '' does not match format '%d.%m.%Y'
INFO     [2014-07-26 19:52:49,180] 2655;0900044852;11.02.2013;ДАРМИЛОВ;ЗАУДИН;ИСМЕЛЕВИЧ;300.00;;ИСПОЛНЕНО;Оплачен по постановлению ССП 67662-13-03-09;

ERROR    [2014-07-26 19:52:49,263] Файл:for_UFSSP_20140604_124050.txt. Отстутвует дата исполнения, заменил на null time data '' does not match format '%d.%m.%Y'
INFO     [2014-07-26 19:52:49,264] 2700;0900045823;13.02.2013;ВАЙТЮК;ЕКАТЕРИНА;МИХАЙЛОВНА;1000.00;;ИСПОЛНЕНО;Оплачен по постановлению ССП 164024-13-02-09;

ERROR    [2014-07-26 19:52:50,001] Файл:for_UFSSP_20140604_124050.txt. Отстутвует дата исполнения, заменил на null time data '' does not match format '%d.%m.%Y'
INFO     [2014-07-26 19:52:50,002] 3066;0900051632;22.02.2013;ЮРЕНКО;АНДРЕЙ;НИКОЛАЕВИЧ;300.00;;ИСПОЛНЕНО;Оплачен по постановлению ССП 3228801-13-04-09;

ERROR    [2014-07-26 19:52:57,130] Файл:for_UFSSP_20140604_124050.txt. Отстутвует дата исполнения, заменил на null time data '' does not match format '%d.%m.%Y'
INFO     [2014-07-26 19:52:57,130] 6469;0900054468;04.03.2013;СЕИТОВ;МУРАДИН;МАГОМЕДОВИЧ;1000.00;;ИСПОЛНЕНО;Оплачен по постановлению ССП 41485-13-15-89;

ERROR    [2014-07-26 19:52:59,676] Файл:for_UFSSP_20140604_124050.txt. Отстутвует дата исполнения, заменил на null time data '' does not match format '%d.%m.%Y'
INFO     [2014-07-26 19:52:59,676] 7669;0900112522;30.07.2013;ЖУЖУЕВ;ЕРИСТАМ;МУХАМЕДОВИЧ;300.00;;ИСПОЛНЕНО;Оплачен по постановлению ССП 11629-14-09-09;

ERROR    [2014-07-26 19:53:00,989] Файл:for_UFSSP_20140604_124050.txt. Отстутвует дата исполнения, заменил на null time data '' does not match format '%d.%m.%Y'
INFO     [2014-07-26 19:53:00,989] 8290;0900011562;22.11.2012;БАЙРАМУКОВ;АРАСУЛ;СУЛАЙМАНОВИЧ;300.00;;ИСПОЛНЕНО;Оплачен по постановлению ССП 16714-14-04-09;

ERROR    [2014-07-26 19:53:01,612] Файл:for_UFSSP_20140604_124050.txt. Отстутвует дата исполнения, заменил на null time data '' does not match format '%d.%m.%Y'
INFO     [2014-07-26 19:53:01,612] 8583;0900017052;29.11.2012;БАТЧАЕВ;ЮРИЙ;БОРИСОВИЧ;300.00;;ИСПОЛНЕНО;Оплачен по постановлению ССП 257572-13-12-09;

ERROR    [2014-07-26 19:53:03,665] Файл:for_UFSSP_20140604_124050.txt. Отстутвует дата исполнения, заменил на null time data '' does not match format '%d.%m.%Y'
INFO     [2014-07-26 19:53:03,665] 9513;0900028473;13.12.2012;КУБАНОВ;КАНАМАТ;КОНСТАНТИНОВИЧ;300.00;;ИСПОЛНЕНО;Оплачен по постановлению ССП 3112941-13-04-09;

ERROR    [2014-07-26 19:53:06,716] Файл:for_UFSSP_20140604_124050.txt. Ошибка в скрипте:
ERROR    [2014-07-26 19:53:06,716] Отсутствует сумма оплаты
INFO     [2014-07-26 19:53:06,716] 10920;0900026103;11.12.2012;КОРКМАЗОВА;АСИЯТ;КАЗИ-МАХМУДОВНА;;13.09.2013;ИСПОЛНЕНО;Оплачен по данным из Казначейства (2-ст.обмен), N транзакции 628064743;

ERROR    [2014-07-26 19:53:06,716] INSERT INTO REESTRS (ID, PACKET_ID, NUM_ID, DATE_ID, LASTNAME, FISTNAME_OGRN, SECONDNAME_INN, SUMM, DATE_ISP, MARK_ISP, PRIM, FILENAME, DATE_ACT, PERIOD_START, PERIOD_END, FIO_OFICER, STATUS, OSP, NUM_IP, OUTFILENAME, DATE_OUT, OUT_PACKET_ID) VALUES (20237 , 8 , '0900026103' , '11.12.2012' , 'КОРКМАЗОВА' , 'АСИЯТ' , 'КАЗИ-МАХМУДОВНА' ,  , '13.09.2013' , 'ИСПОЛНЕНО' , 'Оплачен по данным из Казначейства (2-ст.обмен), N транзакции 628064743' , 'for_UFSSP_20140604_124050.txt' , '04.06.2014' , '01.01.2013' , '03.06.2014' , 'инспектор ЦАФАП ОДД ГИБДД МВД по КЧР лейтенант полиции Казиев Рамазан Шамильевич
',0, null,null,null,null,null)
ERROR    [2014-07-26 19:53:07,125] Файл:for_UFSSP_20140604_124050.txt. Отстутвует дата исполнения, заменил на null time data '' does not match format '%d.%m.%Y'
INFO     [2014-07-26 19:53:07,125] 11110;0900029246;17.12.2012;КУМУКОВ;ВАЛЕРИЙ;БЕКИРОВИЧ;300.00;;ИСПОЛНЕНО;Оплачен по постановлению ССП 100096-13-03-09;

ERROR    [2014-07-26 19:53:07,918] Файл:for_UFSSP_20140604_124050.txt. Отстутвует дата исполнения, заменил на null time data '' does not match format '%d.%m.%Y'
INFO     [2014-07-26 19:53:07,918] 11467;0900033366;24.12.2012;ДЖАЗАЕВА;КУЛИСТАН;ХАЛИСОВНА;300.00;;ИСПОЛНЕНО;Оплачен по постановлению ССП чек 05916;

ERROR    [2014-07-26 19:53:08,792] Файл:for_UFSSP_20140604_124050.txt. Отстутвует дата исполнения, заменил на null time data '' does not match format '%d.%m.%Y'
INFO     [2014-07-26 19:53:08,792] 11870;0900001366;05.11.2012;ХАТУЕВА;ФАТИМАТ;НАЗИРОВНА;300.00;;ИСПОЛНЕНО;Оплачен по постановлению ССП 56749-13-03-09;

ERROR    [2014-07-26 19:53:09,692] Файл:for_UFSSP_20140604_124050.txt. Отстутвует дата исполнения, заменил на null time data '' does not match format '%d.%m.%Y'
INFO     [2014-07-26 19:53:09,692] 12306;0900042312;04.02.2013;ДЕРЕВ;МУХАДИН;АУБЕКИРОВИЧ;300.00;;ИСПОЛНЕНО;Оплачен по постановлению ССП 21185-13-12-09;

ERROR    [2014-07-26 19:53:10,219] Файл:for_UFSSP_20140604_124050.txt. Отстутвует дата исполнения, заменил на null time data '' does not match format '%d.%m.%Y'
INFO     [2014-07-26 19:53:10,219] 12568;0900003368;09.11.2012;КЕЧЕРУКОВ;ШАМИЛЬ;ШАМШУДИНОВИЧ;300.00;;ИСПОЛНЕНО;Оплачен по постановлению ССП чек 26679;

ERROR    [2014-07-26 19:53:11,165] Файл:for_UFSSP_20140604_124050.txt. Отстутвует дата исполнения, заменил на null time data '' does not match format '%d.%m.%Y'
INFO     [2014-07-26 19:53:11,166] 13035;0900037640;21.01.2013;ДЖАЗАЕВА;КУЛИСТАН;ХАЛИСОВНА;300.00;;ИСПОЛНЕНО;Оплачен по постановлению ССП чек 05917;

ERROR    [2014-07-26 19:53:11,552] Файл:for_UFSSP_20140604_124050.txt. Отстутвует дата исполнения, заменил на null time data '' does not match format '%d.%m.%Y'
INFO     [2014-07-26 19:53:11,553] 13224;0900036295;17.01.2013;ХАСАНОВ;АЗРЕТ;МУХТАРОВИЧ;300.00;;ИСПОЛНЕНО;Оплачен по постановлению ССП 2863956-13-04-09;

ERROR    [2014-07-26 19:53:17,275] Файл:for_UFSSP_20140604_124050.txt. Отстутвует дата исполнения, заменил на null time data '' does not match format '%d.%m.%Y'
INFO     [2014-07-26 19:53:17,276] 15421;0900018284;30.11.2012;АЛИЕВ;МУАЕД;ТИРОВИЧ;300.00;;ИСПОЛНЕНО;Оплачен по постановлению ССП 66335-13-03-09;

ERROR    [2014-07-26 19:53:23,414] Файл:for_UFSSP_20140604_124050.txt. Отстутвует дата исполнения, заменил на null time data '' does not match format '%d.%m.%Y'
INFO     [2014-07-26 19:53:23,414] 17366;0900027301;12.12.2012;БАБИЧЕВ;НИКОЛАЙ;ТИХОНОВИЧ;300.00;;ИСПОЛНЕНО;Оплачен по постановлению ССП 163795-13-09-09;

ERROR    [2014-07-26 19:53:25,560] Файл:for_UFSSP_20140604_124050.txt. Отстутвует дата исполнения, заменил на null time data '' does not match format '%d.%m.%Y'
INFO     [2014-07-26 19:53:25,561] 18368;0900046364;14.02.2013;МУКАЕВ;СЕГДУЛ;ДАХИРОВИЧ;300.00;;ИСПОЛНЕНО;Оплачен по постановлению ССП 257569-13-12-09;

ERROR    [2014-07-26 19:53:26,586] Файл:for_UFSSP_20140604_124050.txt. Отстутвует дата исполнения, заменил на null time data '' does not match format '%d.%m.%Y'
INFO     [2014-07-26 19:53:26,587] 18834;0900055576;07.03.2013;ШЕВХУЖЕВ;МУХАРБИЙ;МУХАМЕДОВИЧ;300.00;;ИСПОЛНЕНО;Оплачен по постановлению ССП 64770-13-09-09;

ERROR    [2014-07-26 19:53:30,056] Файл:for_UFSSP_20140604_124050.txt. Отстутвует дата исполнения, заменил на null time data '' does not match format '%d.%m.%Y'
INFO     [2014-07-26 19:53:30,056] 20034;0900073816;24.04.2013;БЕТУГАНОВ;РАШИД;ХАСАНОВИЧ;300.00;;ИСПОЛНЕНО;Оплачен по постановлению ССП 54937-13-09-09;

ERROR    [2014-07-26 19:53:37,391] Файл:for_UFSSP_20140604_124050.txt. Отстутвует дата исполнения, заменил на null time data '' does not match format '%d.%m.%Y'
INFO     [2014-07-26 19:53:37,392] 21827;0900094786;18.06.2013;ДЖАЗАЕВА;КУЛИСТАН;ХАЛИСОВНА;300.00;;ИСПОЛНЕНО;Оплачен по постановлению ССП чек 05910;

ERROR    [2014-07-26 19:53:41,062] Файл:for_UFSSP_20140604_124050.txt. Отстутвует дата исполнения, заменил на null time data '' does not match format '%d.%m.%Y'
INFO     [2014-07-26 19:53:41,062] 22852;0900042121;04.02.2013;ТАМОВ;АСЛАН;АЛИЕВИЧ;300.00;;ИСПОЛНЕНО;Оплачен по постановлению ССП 214623-13-12-09;

ERROR    [2014-07-26 19:53:48,850] Файл:for_UFSSP_20140604_124050.txt. Отстутвует дата исполнения, заменил на null time data '' does not match format '%d.%m.%Y'
INFO     [2014-07-26 19:53:48,850] 25312;0900078978;08.05.2013;ДОБАГОВ;АСЛАН;ШУГАИБОВИЧ;300.00;;ИСПОЛНЕНО;Оплачен по постановлению ССП 54929-13-09-09;

ERROR    [2014-07-26 19:53:49,671] Файл:for_UFSSP_20140604_124050.txt. Отстутвует дата исполнения, заменил на null time data '' does not match format '%d.%m.%Y'
INFO     [2014-07-26 19:53:49,671] 25552;0900081683;15.05.2013;ДАУРОВ;ВАЛЕРИЙ;БОРИСОВИЧ;300.00;;ИСПОЛНЕНО;Оплачен по чеку 58535 ;

ERROR    [2014-07-26 19:53:51,138] Файл:for_UFSSP_20140604_124050.txt. Отстутвует дата исполнения, заменил на null time data '' does not match format '%d.%m.%Y'
INFO     [2014-07-26 19:53:51,138] 26005;0900086830;29.05.2013;КИТАОВ;АСЛАН;АРТУРОВИЧ;300.00;;ИСПОЛНЕНО;Оплачен по постановлению ССП 62368-13-09-09;

ERROR    [2014-07-26 19:53:53,625] Файл:for_UFSSP_20140604_124050.txt. Отстутвует дата исполнения, заменил на null time data '' does not match format '%d.%m.%Y'
INFO     [2014-07-26 19:53:53,625] 26779;0900098952;25.06.2013;БРАЦИХИН;АЛЕКСАНДР;ВАЛЕНТИНОВИЧ;300.00;;ИСПОЛНЕНО;Оплачен по постановлению ССП 600323-13-02-09;

ERROR    [2014-07-26 19:53:53,851] Файл:for_UFSSP_20140604_124050.txt. Отстутвует дата исполнения, заменил на null time data '' does not match format '%d.%m.%Y'
INFO     [2014-07-26 19:53:53,851] 26849;0900100494;27.06.2013;ЭДИЕВ;ХУСЕИН;ШАМИЛЕВИЧ;300.00;;ИСПОЛНЕНО;Оплачен по постановлению ССП 207993-13-06-09;

ERROR    [2014-07-26 19:53:58,646] Файл:for_UFSSP_20140604_124050.txt. Ошибка в скрипте:
ERROR    [2014-07-26 19:53:58,646] Отсутствует сумма оплаты
INFO     [2014-07-26 19:53:58,646] 28243;0900126802;10.09.2013;ДРУЖИНИН;СЕРГЕЙ;МИХАЙЛОВИЧ;;17.03.2014;ИСПОЛНЕНО;Оплачен по данным из УФК по КЧР, N ПП - 546;

ERROR    [2014-07-26 19:53:58,647] INSERT INTO REESTRS (ID, PACKET_ID, NUM_ID, DATE_ID, LASTNAME, FISTNAME_OGRN, SECONDNAME_INN, SUMM, DATE_ISP, MARK_ISP, PRIM, FILENAME, DATE_ACT, PERIOD_START, PERIOD_END, FIO_OFICER, STATUS, OSP, NUM_IP, OUTFILENAME, DATE_OUT, OUT_PACKET_ID) VALUES (37560 , 8 , '0900126802' , '10.09.2013' , 'ДРУЖИНИН' , 'СЕРГЕЙ' , 'МИХАЙЛОВИЧ' ,  , '17.03.2014' , 'ИСПОЛНЕНО' , 'Оплачен по данным из УФК по КЧР, N ПП - 546' , 'for_UFSSP_20140604_124050.txt' , '04.06.2014' , '01.01.2013' , '03.06.2014' , 'инспектор ЦАФАП ОДД ГИБДД МВД по КЧР лейтенант полиции Казиев Рамазан Шамильевич
',0, null,null,null,null,null)
ERROR    [2014-07-26 19:54:03,094] Файл:for_UFSSP_20140604_124050.txt. Отстутвует дата исполнения, заменил на null time data '' does not match format '%d.%m.%Y'
INFO     [2014-07-26 19:54:03,094] 29578;0900083588;20.05.2013;ЛАГУЧЕВ;МУАЯД;МУХАРБИЕВИЧ;2000.00;;ИСПОЛНЕНО;Оплачен по постановлению ССП 3104329-13-04-09;

ERROR    [2014-07-26 19:54:05,897] Файл:for_UFSSP_20140604_124050.txt. Отстутвует дата исполнения, заменил на null time data '' does not match format '%d.%m.%Y'
INFO     [2014-07-26 19:54:05,897] 30404;0900119469;16.08.2013;ДЕКУШЕВ;РУСЛАН;ИССАЕВИЧ;300.00;;ИСПОЛНЕНО;Оплачен по постановлению ССП 3248-14-08-09;

ERROR    [2014-07-26 19:54:13,195] Файл:for_UFSSP_20140604_124050.txt. Отстутвует дата исполнения, заменил на null time data '' does not match format '%d.%m.%Y'
INFO     [2014-07-26 19:54:13,195] 32488;0900068527;10.04.2013;ДОБАГОВ;АСЛАН;ШУГАИБОВИЧ;300.00;;ИСПОЛНЕНО;Оплачен по постановлению ССП 54930-13-09-09;

ERROR    [2014-07-26 19:54:15,444] Файл:for_UFSSP_20140604_124050.txt. Отстутвует дата исполнения, заменил на null time data '' does not match format '%d.%m.%Y'
INFO     [2014-07-26 19:54:15,444] 33136;0900065140;01.04.2013;АГИРБОВ;ВАЛЕНТИН;ВЛАДИМИРОВИЧ;1000.00;;ИСПОЛНЕНО;Оплачен по постановлению ССП 62308-13-09-09;

INFO     [2014-07-26 19:54:17,926] Elapsed time:93.8370738029
INFO     [2014-07-26 19:54:17,927] Начинаем обрабатывать файл:for_UFSSP_20140630_123143.txt
INFO     [2014-07-26 19:54:20,560] Elapsed time:2.6338789463
INFO     [2014-07-26 23:45:59,073] Начинаем обрабатывать файл:for_UFSSP_20140723_144532.txt
INFO     [2014-07-26 23:46:01,047] Elapsed time:1.97467184067
INFO     [2014-07-26 23:46:01,048] Начинаем обрабатывать файл:for_UFSSP_20140609_093724.txt
INFO     [2014-07-26 23:46:01,368] Elapsed time:0.319664001465
INFO     [2014-07-26 23:46:01,368] Начинаем обрабатывать файл:for_UFSSP_20131219_184058.txt
ERROR    [2014-07-26 23:46:02,247] Файл:for_UFSSP_20131219_184058.txt. Отстутвует дата исполнения, заменил на null time data '' does not match format '%d.%m.%Y'
INFO     [2014-07-26 23:46:02,247] 471;0900044852;11.02.2013;ДАРМИЛОВ;ЗАУДИН;ИСМЕЛЕВИЧ;300.00;;ИСПОЛНЕНО;Оплачен по постановлению ССП 67662-13-03-09;

ERROR    [2014-07-26 23:46:03,855] Файл:for_UFSSP_20131219_184058.txt. Отстутвует дата исполнения, заменил на null time data '' does not match format '%d.%m.%Y'
INFO     [2014-07-26 23:46:03,856] 1369;0900028473;13.12.2012;КУБАНОВ;КАНАМАТ;КОНСТАНТИНОВИЧ;300.00;;ИСПОЛНЕНО;Оплачен по постановлению ССП 3112941-13-04-09;

ERROR    [2014-07-26 23:46:04,403] Файл:for_UFSSP_20131219_184058.txt. Отстутвует дата исполнения, заменил на null time data '' does not match format '%d.%m.%Y'
INFO     [2014-07-26 23:46:04,404] 1653;0900029246;17.12.2012;КУМУКОВ;ВАЛЕРИЙ;БЕКИРОВИЧ;300.00;;ИСПОЛНЕНО;Оплачен по постановлению ССП 100096-13-03-09;

ERROR    [2014-07-26 23:46:04,963] Файл:for_UFSSP_20131219_184058.txt. Отстутвует дата исполнения, заменил на null time data '' does not match format '%d.%m.%Y'
INFO     [2014-07-26 23:46:04,963] 1948;0900036295;17.01.2013;ХАСАНОВ;АЗРЕТ;МУХТАРОВИЧ;300.00;;ИСПОЛНЕНО;Оплачен по постановлению ССП 2863956-13-04-09;

ERROR    [2014-07-26 23:46:05,589] Файл:for_UFSSP_20131219_184058.txt. Отстутвует дата исполнения, заменил на null time data '' does not match format '%d.%m.%Y'
INFO     [2014-07-26 23:46:05,590] 2277;0900018284;30.11.2012;АЛИЕВ;МУАЕД;ТИРОВИЧ;300.00;;ИСПОЛНЕНО;Оплачен по постановлению ССП 66335-13-03-09;

ERROR    [2014-07-26 23:46:09,807] Файл:for_UFSSP_20131219_184058.txt. Отстутвует дата исполнения, заменил на null time data '' does not match format '%d.%m.%Y'
INFO     [2014-07-26 23:46:09,807] 4869;0900083588;20.05.2013;ЛАГУЧЕВ;МУАЯД;МУХАРБИЕВИЧ;2000.00;;ИСПОЛНЕНО;Оплачен по постановлению ССП 3104329-13-04-09;

INFO     [2014-07-26 23:46:11,141] Elapsed time:9.77252316475
INFO     [2014-07-26 23:46:11,170] Начинаем обрабатывать файл:for_UFSSP_20140707_084506.txt
ERROR    [2014-07-26 23:46:12,360] Файл:for_UFSSP_20140707_084506.txt. Отстутвует дата исполнения, заменил на null time data '' does not match format '%d.%m.%Y'
INFO     [2014-07-26 23:46:12,361] 591;0900089895;06.06.2013;СЕМЕНОВ;ТИЛИМЕК;СЕЙПУЛОВИЧ;300.00;;ИСПОЛНЕНО;Оплачен по постановлению ССП 164977-13-10-09;

INFO     [2014-07-26 23:46:12,851] Elapsed time:1.68051314354
INFO     [2014-07-26 23:46:12,852] Начинаем обрабатывать файл:for_UFSSP_20140623_135250.txt
INFO     [2014-07-26 23:46:13,690] Elapsed time:0.838269948959
INFO     [2014-07-26 23:46:13,690] Начинаем обрабатывать файл:for_UFSSP_20140616_100245.txt
INFO     [2014-07-26 23:46:14,094] Elapsed time:0.403676986694
INFO     [2014-07-26 23:46:14,094] Начинаем обрабатывать файл:for_UFSSP_20140714_111949.txt
INFO     [2014-07-26 23:46:16,700] Elapsed time:2.60504484177
INFO     [2014-07-26 23:46:16,700] Начинаем обрабатывать файл:for_UFSSP_20140604_124050.txt
ERROR    [2014-07-26 23:46:20,310] Файл:for_UFSSP_20140604_124050.txt. Отстутвует дата исполнения, заменил на null time data '' does not match format '%d.%m.%Y'
INFO     [2014-07-26 23:46:20,310] 2655;0900044852;11.02.2013;ДАРМИЛОВ;ЗАУДИН;ИСМЕЛЕВИЧ;300.00;;ИСПОЛНЕНО;Оплачен по постановлению ССП 67662-13-03-09;

ERROR    [2014-07-26 23:46:20,354] Файл:for_UFSSP_20140604_124050.txt. Отстутвует дата исполнения, заменил на null time data '' does not match format '%d.%m.%Y'
INFO     [2014-07-26 23:46:20,354] 2700;0900045823;13.02.2013;ВАЙТЮК;ЕКАТЕРИНА;МИХАЙЛОВНА;1000.00;;ИСПОЛНЕНО;Оплачен по постановлению ССП 164024-13-02-09;

ERROR    [2014-07-26 23:46:20,731] Файл:for_UFSSP_20140604_124050.txt. Отстутвует дата исполнения, заменил на null time data '' does not match format '%d.%m.%Y'
INFO     [2014-07-26 23:46:20,732] 3066;0900051632;22.02.2013;ЮРЕНКО;АНДРЕЙ;НИКОЛАЕВИЧ;300.00;;ИСПОЛНЕНО;Оплачен по постановлению ССП 3228801-13-04-09;

ERROR    [2014-07-26 23:46:27,816] Файл:for_UFSSP_20140604_124050.txt. Отстутвует дата исполнения, заменил на null time data '' does not match format '%d.%m.%Y'
INFO     [2014-07-26 23:46:27,816] 6469;0900054468;04.03.2013;СЕИТОВ;МУРАДИН;МАГОМЕДОВИЧ;1000.00;;ИСПОЛНЕНО;Оплачен по постановлению ССП 41485-13-15-89;

ERROR    [2014-07-26 23:46:30,355] Файл:for_UFSSP_20140604_124050.txt. Отстутвует дата исполнения, заменил на null time data '' does not match format '%d.%m.%Y'
INFO     [2014-07-26 23:46:30,356] 7669;0900112522;30.07.2013;ЖУЖУЕВ;ЕРИСТАМ;МУХАМЕДОВИЧ;300.00;;ИСПОЛНЕНО;Оплачен по постановлению ССП 11629-14-09-09;

ERROR    [2014-07-26 23:46:31,660] Файл:for_UFSSP_20140604_124050.txt. Отстутвует дата исполнения, заменил на null time data '' does not match format '%d.%m.%Y'
INFO     [2014-07-26 23:46:31,660] 8290;0900011562;22.11.2012;БАЙРАМУКОВ;АРАСУЛ;СУЛАЙМАНОВИЧ;300.00;;ИСПОЛНЕНО;Оплачен по постановлению ССП 16714-14-04-09;

ERROR    [2014-07-26 23:46:32,301] Файл:for_UFSSP_20140604_124050.txt. Отстутвует дата исполнения, заменил на null time data '' does not match format '%d.%m.%Y'
INFO     [2014-07-26 23:46:32,301] 8583;0900017052;29.11.2012;БАТЧАЕВ;ЮРИЙ;БОРИСОВИЧ;300.00;;ИСПОЛНЕНО;Оплачен по постановлению ССП 257572-13-12-09;

ERROR    [2014-07-26 23:46:34,334] Файл:for_UFSSP_20140604_124050.txt. Отстутвует дата исполнения, заменил на null time data '' does not match format '%d.%m.%Y'
INFO     [2014-07-26 23:46:34,344] 9513;0900028473;13.12.2012;КУБАНОВ;КАНАМАТ;КОНСТАНТИНОВИЧ;300.00;;ИСПОЛНЕНО;Оплачен по постановлению ССП 3112941-13-04-09;

ERROR    [2014-07-26 23:46:37,373] Файл:for_UFSSP_20140604_124050.txt. Ошибка в скрипте:
ERROR    [2014-07-26 23:46:37,373] Отсутствует сумма оплаты
INFO     [2014-07-26 23:46:37,374] 10920;0900026103;11.12.2012;КОРКМАЗОВА;АСИЯТ;КАЗИ-МАХМУДОВНА;;13.09.2013;ИСПОЛНЕНО;Оплачен по данным из Казначейства (2-ст.обмен), N транзакции 628064743;

ERROR    [2014-07-26 23:46:37,374] INSERT INTO REESTRS (ID, PACKET_ID, NUM_ID, DATE_ID, LASTNAME, FISTNAME_OGRN, SECONDNAME_INN, SUMM, DATE_ISP, MARK_ISP, PRIM, FILENAME, DATE_ACT, PERIOD_START, PERIOD_END, FIO_OFICER, STATUS, OSP, NUM_IP, OUTFILENAME, DATE_OUT, OUT_PACKET_ID) VALUES (20237 , 8 , '0900026103' , '11.12.2012' , 'КОРКМАЗОВА' , 'АСИЯТ' , 'КАЗИ-МАХМУДОВНА' ,  , '13.09.2013' , 'ИСПОЛНЕНО' , 'Оплачен по данным из Казначейства (2-ст.обмен), N транзакции 628064743' , 'for_UFSSP_20140604_124050.txt' , '04.06.2014' , '01.01.2013' , '03.06.2014' , 'инспектор ЦАФАП ОДД ГИБДД МВД по КЧР лейтенант полиции Казиев Рамазан Шамильевич',0, null,null,null,null,null)
ERROR    [2014-07-26 23:46:37,786] Файл:for_UFSSP_20140604_124050.txt. Отстутвует дата исполнения, заменил на null time data '' does not match format '%d.%m.%Y'
INFO     [2014-07-26 23:46:37,786] 11110;0900029246;17.12.2012;КУМУКОВ;ВАЛЕРИЙ;БЕКИРОВИЧ;300.00;;ИСПОЛНЕНО;Оплачен по постановлению ССП 100096-13-03-09;

ERROR    [2014-07-26 23:46:38,552] Файл:for_UFSSP_20140604_124050.txt. Отстутвует дата исполнения, заменил на null time data '' does not match format '%d.%m.%Y'
INFO     [2014-07-26 23:46:38,552] 11467;0900033366;24.12.2012;ДЖАЗАЕВА;КУЛИСТАН;ХАЛИСОВНА;300.00;;ИСПОЛНЕНО;Оплачен по постановлению ССП чек 05916;

ERROR    [2014-07-26 23:46:39,426] Файл:for_UFSSP_20140604_124050.txt. Отстутвует дата исполнения, заменил на null time data '' does not match format '%d.%m.%Y'
INFO     [2014-07-26 23:46:39,426] 11870;0900001366;05.11.2012;ХАТУЕВА;ФАТИМАТ;НАЗИРОВНА;300.00;;ИСПОЛНЕНО;Оплачен по постановлению ССП 56749-13-03-09;

ERROR    [2014-07-26 23:46:40,386] Файл:for_UFSSP_20140604_124050.txt. Отстутвует дата исполнения, заменил на null time data '' does not match format '%d.%m.%Y'
INFO     [2014-07-26 23:46:40,387] 12306;0900042312;04.02.2013;ДЕРЕВ;МУХАДИН;АУБЕКИРОВИЧ;300.00;;ИСПОЛНЕНО;Оплачен по постановлению ССП 21185-13-12-09;

ERROR    [2014-07-26 23:46:40,956] Файл:for_UFSSP_20140604_124050.txt. Отстутвует дата исполнения, заменил на null time data '' does not match format '%d.%m.%Y'
INFO     [2014-07-26 23:46:40,956] 12568;0900003368;09.11.2012;КЕЧЕРУКОВ;ШАМИЛЬ;ШАМШУДИНОВИЧ;300.00;;ИСПОЛНЕНО;Оплачен по постановлению ССП чек 26679;

ERROR    [2014-07-26 23:46:42,070] Файл:for_UFSSP_20140604_124050.txt. Отстутвует дата исполнения, заменил на null time data '' does not match format '%d.%m.%Y'
INFO     [2014-07-26 23:46:42,071] 13035;0900037640;21.01.2013;ДЖАЗАЕВА;КУЛИСТАН;ХАЛИСОВНА;300.00;;ИСПОЛНЕНО;Оплачен по постановлению ССП чек 05917;

ERROR    [2014-07-26 23:46:42,487] Файл:for_UFSSP_20140604_124050.txt. Отстутвует дата исполнения, заменил на null time data '' does not match format '%d.%m.%Y'
INFO     [2014-07-26 23:46:42,488] 13224;0900036295;17.01.2013;ХАСАНОВ;АЗРЕТ;МУХТАРОВИЧ;300.00;;ИСПОЛНЕНО;Оплачен по постановлению ССП 2863956-13-04-09;

ERROR    [2014-07-26 23:46:47,507] Файл:for_UFSSP_20140604_124050.txt. Отстутвует дата исполнения, заменил на null time data '' does not match format '%d.%m.%Y'
INFO     [2014-07-26 23:46:47,507] 15421;0900018284;30.11.2012;АЛИЕВ;МУАЕД;ТИРОВИЧ;300.00;;ИСПОЛНЕНО;Оплачен по постановлению ССП 66335-13-03-09;

ERROR    [2014-07-26 23:46:51,999] Файл:for_UFSSP_20140604_124050.txt. Отстутвует дата исполнения, заменил на null time data '' does not match format '%d.%m.%Y'
INFO     [2014-07-26 23:46:51,999] 17366;0900027301;12.12.2012;БАБИЧЕВ;НИКОЛАЙ;ТИХОНОВИЧ;300.00;;ИСПОЛНЕНО;Оплачен по постановлению ССП 163795-13-09-09;

ERROR    [2014-07-26 23:46:54,412] Файл:for_UFSSP_20140604_124050.txt. Отстутвует дата исполнения, заменил на null time data '' does not match format '%d.%m.%Y'
INFO     [2014-07-26 23:46:54,413] 18368;0900046364;14.02.2013;МУКАЕВ;СЕГДУЛ;ДАХИРОВИЧ;300.00;;ИСПОЛНЕНО;Оплачен по постановлению ССП 257569-13-12-09;

ERROR    [2014-07-26 23:46:55,515] Файл:for_UFSSP_20140604_124050.txt. Отстутвует дата исполнения, заменил на null time data '' does not match format '%d.%m.%Y'
INFO     [2014-07-26 23:46:55,515] 18834;0900055576;07.03.2013;ШЕВХУЖЕВ;МУХАРБИЙ;МУХАМЕДОВИЧ;300.00;;ИСПОЛНЕНО;Оплачен по постановлению ССП 64770-13-09-09;

ERROR    [2014-07-26 23:46:58,256] Файл:for_UFSSP_20140604_124050.txt. Отстутвует дата исполнения, заменил на null time data '' does not match format '%d.%m.%Y'
INFO     [2014-07-26 23:46:58,256] 20034;0900073816;24.04.2013;БЕТУГАНОВ;РАШИД;ХАСАНОВИЧ;300.00;;ИСПОЛНЕНО;Оплачен по постановлению ССП 54937-13-09-09;

ERROR    [2014-07-26 23:47:02,383] Файл:for_UFSSP_20140604_124050.txt. Отстутвует дата исполнения, заменил на null time data '' does not match format '%d.%m.%Y'
INFO     [2014-07-26 23:47:02,384] 21827;0900094786;18.06.2013;ДЖАЗАЕВА;КУЛИСТАН;ХАЛИСОВНА;300.00;;ИСПОЛНЕНО;Оплачен по постановлению ССП чек 05910;

ERROR    [2014-07-26 23:47:05,456] Файл:for_UFSSP_20140604_124050.txt. Отстутвует дата исполнения, заменил на null time data '' does not match format '%d.%m.%Y'
INFO     [2014-07-26 23:47:05,457] 22852;0900042121;04.02.2013;ТАМОВ;АСЛАН;АЛИЕВИЧ;300.00;;ИСПОЛНЕНО;Оплачен по постановлению ССП 214623-13-12-09;

ERROR    [2014-07-26 23:47:12,699] Файл:for_UFSSP_20140604_124050.txt. Отстутвует дата исполнения, заменил на null time data '' does not match format '%d.%m.%Y'
INFO     [2014-07-26 23:47:12,699] 25312;0900078978;08.05.2013;ДОБАГОВ;АСЛАН;ШУГАИБОВИЧ;300.00;;ИСПОЛНЕНО;Оплачен по постановлению ССП 54929-13-09-09;

ERROR    [2014-07-26 23:47:13,272] Файл:for_UFSSP_20140604_124050.txt. Отстутвует дата исполнения, заменил на null time data '' does not match format '%d.%m.%Y'
INFO     [2014-07-26 23:47:13,273] 25552;0900081683;15.05.2013;ДАУРОВ;ВАЛЕРИЙ;БОРИСОВИЧ;300.00;;ИСПОЛНЕНО;Оплачен по чеку 58535 ;

ERROR    [2014-07-26 23:47:14,344] Файл:for_UFSSP_20140604_124050.txt. Отстутвует дата исполнения, заменил на null time data '' does not match format '%d.%m.%Y'
INFO     [2014-07-26 23:47:14,344] 26005;0900086830;29.05.2013;КИТАОВ;АСЛАН;АРТУРОВИЧ;300.00;;ИСПОЛНЕНО;Оплачен по постановлению ССП 62368-13-09-09;

ERROR    [2014-07-26 23:47:16,158] Файл:for_UFSSP_20140604_124050.txt. Отстутвует дата исполнения, заменил на null time data '' does not match format '%d.%m.%Y'
INFO     [2014-07-26 23:47:16,159] 26779;0900098952;25.06.2013;БРАЦИХИН;АЛЕКСАНДР;ВАЛЕНТИНОВИЧ;300.00;;ИСПОЛНЕНО;Оплачен по постановлению ССП 600323-13-02-09;

ERROR    [2014-07-26 23:47:16,328] Файл:for_UFSSP_20140604_124050.txt. Отстутвует дата исполнения, заменил на null time data '' does not match format '%d.%m.%Y'
INFO     [2014-07-26 23:47:16,328] 26849;0900100494;27.06.2013;ЭДИЕВ;ХУСЕИН;ШАМИЛЕВИЧ;300.00;;ИСПОЛНЕНО;Оплачен по постановлению ССП 207993-13-06-09;

ERROR    [2014-07-26 23:47:19,745] Файл:for_UFSSP_20140604_124050.txt. Ошибка в скрипте:
ERROR    [2014-07-26 23:47:19,745] Отсутствует сумма оплаты
INFO     [2014-07-26 23:47:19,745] 28243;0900126802;10.09.2013;ДРУЖИНИН;СЕРГЕЙ;МИХАЙЛОВИЧ;;17.03.2014;ИСПОЛНЕНО;Оплачен по данным из УФК по КЧР, N ПП - 546;

ERROR    [2014-07-26 23:47:19,746] INSERT INTO REESTRS (ID, PACKET_ID, NUM_ID, DATE_ID, LASTNAME, FISTNAME_OGRN, SECONDNAME_INN, SUMM, DATE_ISP, MARK_ISP, PRIM, FILENAME, DATE_ACT, PERIOD_START, PERIOD_END, FIO_OFICER, STATUS, OSP, NUM_IP, OUTFILENAME, DATE_OUT, OUT_PACKET_ID) VALUES (37560 , 8 , '0900126802' , '10.09.2013' , 'ДРУЖИНИН' , 'СЕРГЕЙ' , 'МИХАЙЛОВИЧ' ,  , '17.03.2014' , 'ИСПОЛНЕНО' , 'Оплачен по данным из УФК по КЧР, N ПП - 546' , 'for_UFSSP_20140604_124050.txt' , '04.06.2014' , '01.01.2013' , '03.06.2014' , 'инспектор ЦАФАП ОДД ГИБДД МВД по КЧР лейтенант полиции Казиев Рамазан Шамильевич',0, null,null,null,null,null)
ERROR    [2014-07-26 23:47:22,233] Файл:for_UFSSP_20140604_124050.txt. Отстутвует дата исполнения, заменил на null time data '' does not match format '%d.%m.%Y'
INFO     [2014-07-26 23:47:22,234] 29578;0900083588;20.05.2013;ЛАГУЧЕВ;МУАЯД;МУХАРБИЕВИЧ;2000.00;;ИСПОЛНЕНО;Оплачен по постановлению ССП 3104329-13-04-09;

ERROR    [2014-07-26 23:47:24,352] Файл:for_UFSSP_20140604_124050.txt. Отстутвует дата исполнения, заменил на null time data '' does not match format '%d.%m.%Y'
INFO     [2014-07-26 23:47:24,352] 30404;0900119469;16.08.2013;ДЕКУШЕВ;РУСЛАН;ИССАЕВИЧ;300.00;;ИСПОЛНЕНО;Оплачен по постановлению ССП 3248-14-08-09;

ERROR    [2014-07-26 23:47:33,057] Файл:for_UFSSP_20140604_124050.txt. Отстутвует дата исполнения, заменил на null time data '' does not match format '%d.%m.%Y'
INFO     [2014-07-26 23:47:33,058] 32488;0900068527;10.04.2013;ДОБАГОВ;АСЛАН;ШУГАИБОВИЧ;300.00;;ИСПОЛНЕНО;Оплачен по постановлению ССП 54930-13-09-09;

ERROR    [2014-07-26 23:47:35,724] Файл:for_UFSSP_20140604_124050.txt. Отстутвует дата исполнения, заменил на null time data '' does not match format '%d.%m.%Y'
INFO     [2014-07-26 23:47:35,725] 33136;0900065140;01.04.2013;АГИРБОВ;ВАЛЕНТИН;ВЛАДИМИРОВИЧ;1000.00;;ИСПОЛНЕНО;Оплачен по постановлению ССП 62308-13-09-09;

INFO     [2014-07-26 23:47:38,789] Elapsed time:82.088752985
INFO     [2014-07-26 23:47:38,791] Начинаем обрабатывать файл:for_UFSSP_20140630_123143.txt
INFO     [2014-07-26 23:47:41,819] Elapsed time:3.02827000618
INFO     [2014-07-28 12:10:20,603] Начинаем обрабатывать файл:for_UFSSP_20140723_144532.txt
INFO     [2014-07-28 12:10:22,554] Elapsed time:1.95086503029
INFO     [2014-07-28 12:10:22,554] Начинаем обрабатывать файл:for_UFSSP_20140609_093724.txt
INFO     [2014-07-28 12:10:22,900] Elapsed time:0.345664024353
INFO     [2014-07-28 12:10:22,900] Начинаем обрабатывать файл:for_UFSSP_20131219_184058.txt
ERROR    [2014-07-28 12:10:23,848] Файл:for_UFSSP_20131219_184058.txt. Отстутвует дата исполнения, заменил на null time data '' does not match format '%d.%m.%Y'
INFO     [2014-07-28 12:10:23,849] 471;0900044852;11.02.2013;ДАРМИЛОВ;ЗАУДИН;ИСМЕЛЕВИЧ;300.00;;ИСПОЛНЕНО;Оплачен по постановлению ССП 67662-13-03-09;

ERROR    [2014-07-28 12:10:25,560] Файл:for_UFSSP_20131219_184058.txt. Отстутвует дата исполнения, заменил на null time data '' does not match format '%d.%m.%Y'
INFO     [2014-07-28 12:10:25,560] 1369;0900028473;13.12.2012;КУБАНОВ;КАНАМАТ;КОНСТАНТИНОВИЧ;300.00;;ИСПОЛНЕНО;Оплачен по постановлению ССП 3112941-13-04-09;

ERROR    [2014-07-28 12:10:26,134] Файл:for_UFSSP_20131219_184058.txt. Отстутвует дата исполнения, заменил на null time data '' does not match format '%d.%m.%Y'
INFO     [2014-07-28 12:10:26,134] 1653;0900029246;17.12.2012;КУМУКОВ;ВАЛЕРИЙ;БЕКИРОВИЧ;300.00;;ИСПОЛНЕНО;Оплачен по постановлению ССП 100096-13-03-09;

ERROR    [2014-07-28 12:10:26,715] Файл:for_UFSSP_20131219_184058.txt. Отстутвует дата исполнения, заменил на null time data '' does not match format '%d.%m.%Y'
INFO     [2014-07-28 12:10:26,715] 1948;0900036295;17.01.2013;ХАСАНОВ;АЗРЕТ;МУХТАРОВИЧ;300.00;;ИСПОЛНЕНО;Оплачен по постановлению ССП 2863956-13-04-09;

ERROR    [2014-07-28 12:10:27,253] Файл:for_UFSSP_20131219_184058.txt. Отстутвует дата исполнения, заменил на null time data '' does not match format '%d.%m.%Y'
INFO     [2014-07-28 12:10:27,253] 2277;0900018284;30.11.2012;АЛИЕВ;МУАЕД;ТИРОВИЧ;300.00;;ИСПОЛНЕНО;Оплачен по постановлению ССП 66335-13-03-09;

ERROR    [2014-07-28 12:10:34,026] Файл:for_UFSSP_20131219_184058.txt. Отстутвует дата исполнения, заменил на null time data '' does not match format '%d.%m.%Y'
INFO     [2014-07-28 12:10:34,027] 4869;0900083588;20.05.2013;ЛАГУЧЕВ;МУАЯД;МУХАРБИЕВИЧ;2000.00;;ИСПОЛНЕНО;Оплачен по постановлению ССП 3104329-13-04-09;

INFO     [2014-07-28 12:10:36,032] Elapsed time:13.1315379143
INFO     [2014-07-28 12:10:36,032] Начинаем обрабатывать файл:for_UFSSP_20140707_084506.txt
ERROR    [2014-07-28 12:10:37,904] Файл:for_UFSSP_20140707_084506.txt. Отстутвует дата исполнения, заменил на null time data '' does not match format '%d.%m.%Y'
INFO     [2014-07-28 12:10:37,904] 591;0900089895;06.06.2013;СЕМЕНОВ;ТИЛИМЕК;СЕЙПУЛОВИЧ;300.00;;ИСПОЛНЕНО;Оплачен по постановлению ССП 164977-13-10-09;

INFO     [2014-07-28 12:10:38,718] Elapsed time:2.68520212173
INFO     [2014-07-28 12:10:38,718] Начинаем обрабатывать файл:for_UFSSP_20140623_135250.txt
INFO     [2014-07-28 12:10:40,048] Elapsed time:1.32992291451
INFO     [2014-07-28 12:10:40,048] Начинаем обрабатывать файл:for_UFSSP_20140616_100245.txt
INFO     [2014-07-28 12:10:40,697] Elapsed time:0.648691892624
INFO     [2014-07-28 12:10:40,697] Начинаем обрабатывать файл:for_UFSSP_20140714_111949.txt
INFO     [2014-07-28 12:10:44,096] Elapsed time:3.39897489548
INFO     [2014-07-28 12:10:44,097] Начинаем обрабатывать файл:for_UFSSP_20140604_124050.txt
ERROR    [2014-07-28 12:10:50,608] Файл:for_UFSSP_20140604_124050.txt. Отстутвует дата исполнения, заменил на null time data '' does not match format '%d.%m.%Y'
INFO     [2014-07-28 12:10:50,609] 2655;0900044852;11.02.2013;ДАРМИЛОВ;ЗАУДИН;ИСМЕЛЕВИЧ;300.00;;ИСПОЛНЕНО;Оплачен по постановлению ССП 67662-13-03-09;

ERROR    [2014-07-28 12:10:50,694] Файл:for_UFSSP_20140604_124050.txt. Отстутвует дата исполнения, заменил на null time data '' does not match format '%d.%m.%Y'
INFO     [2014-07-28 12:10:50,694] 2700;0900045823;13.02.2013;ВАЙТЮК;ЕКАТЕРИНА;МИХАЙЛОВНА;1000.00;;ИСПОЛНЕНО;Оплачен по постановлению ССП 164024-13-02-09;

ERROR    [2014-07-28 12:10:51,482] Файл:for_UFSSP_20140604_124050.txt. Отстутвует дата исполнения, заменил на null time data '' does not match format '%d.%m.%Y'
INFO     [2014-07-28 12:10:51,482] 3066;0900051632;22.02.2013;ЮРЕНКО;АНДРЕЙ;НИКОЛАЕВИЧ;300.00;;ИСПОЛНЕНО;Оплачен по постановлению ССП 3228801-13-04-09;

ERROR    [2014-07-28 12:10:59,204] Файл:for_UFSSP_20140604_124050.txt. Отстутвует дата исполнения, заменил на null time data '' does not match format '%d.%m.%Y'
INFO     [2014-07-28 12:10:59,204] 6469;0900054468;04.03.2013;СЕИТОВ;МУРАДИН;МАГОМЕДОВИЧ;1000.00;;ИСПОЛНЕНО;Оплачен по постановлению ССП 41485-13-15-89;

ERROR    [2014-07-28 12:11:01,254] Файл:for_UFSSP_20140604_124050.txt. Отстутвует дата исполнения, заменил на null time data '' does not match format '%d.%m.%Y'
INFO     [2014-07-28 12:11:01,254] 7669;0900112522;30.07.2013;ЖУЖУЕВ;ЕРИСТАМ;МУХАМЕДОВИЧ;300.00;;ИСПОЛНЕНО;Оплачен по постановлению ССП 11629-14-09-09;

ERROR    [2014-07-28 12:11:02,985] Файл:for_UFSSP_20140604_124050.txt. Отстутвует дата исполнения, заменил на null time data '' does not match format '%d.%m.%Y'
INFO     [2014-07-28 12:11:02,986] 8290;0900011562;22.11.2012;БАЙРАМУКОВ;АРАСУЛ;СУЛАЙМАНОВИЧ;300.00;;ИСПОЛНЕНО;Оплачен по постановлению ССП 16714-14-04-09;

ERROR    [2014-07-28 12:11:03,805] Файл:for_UFSSP_20140604_124050.txt. Отстутвует дата исполнения, заменил на null time data '' does not match format '%d.%m.%Y'
INFO     [2014-07-28 12:11:03,805] 8583;0900017052;29.11.2012;БАТЧАЕВ;ЮРИЙ;БОРИСОВИЧ;300.00;;ИСПОЛНЕНО;Оплачен по постановлению ССП 257572-13-12-09;

ERROR    [2014-07-28 12:11:06,556] Файл:for_UFSSP_20140604_124050.txt. Отстутвует дата исполнения, заменил на null time data '' does not match format '%d.%m.%Y'
INFO     [2014-07-28 12:11:06,557] 9513;0900028473;13.12.2012;КУБАНОВ;КАНАМАТ;КОНСТАНТИНОВИЧ;300.00;;ИСПОЛНЕНО;Оплачен по постановлению ССП 3112941-13-04-09;

ERROR    [2014-07-28 12:11:10,283] Файл:for_UFSSP_20140604_124050.txt. Ошибка в скрипте:
ERROR    [2014-07-28 12:11:10,283] Отсутствует сумма оплаты
INFO     [2014-07-28 12:11:10,284] 10920;0900026103;11.12.2012;КОРКМАЗОВА;АСИЯТ;КАЗИ-МАХМУДОВНА;;13.09.2013;ИСПОЛНЕНО;Оплачен по данным из Казначейства (2-ст.обмен), N транзакции 628064743;

ERROR    [2014-07-28 12:11:10,284] INSERT INTO REESTRS (ID, PACKET_ID, NUM_ID, DATE_ID, LASTNAME, FISTNAME_OGRN, SECONDNAME_INN, SUMM, DATE_ISP, MARK_ISP, PRIM, FILENAME, DATE_ACT, PERIOD_START, PERIOD_END, FIO_OFICER, STATUS, OSP, NUM_IP, OUTFILENAME, DATE_OUT, OUT_PACKET_ID) VALUES (20237 , 8 , '0900026103' , '11.12.2012' , 'КОРКМАЗОВА' , 'АСИЯТ' , 'КАЗИ-МАХМУДОВНА' ,  , '13.09.2013' , 'ИСПОЛНЕНО' , 'Оплачен по данным из Казначейства (2-ст.обмен), N транзакции 628064743' , 'for_UFSSP_20140604_124050.txt' , '04.06.2014' , '01.01.2013' , '03.06.2014' , 'инспектор ЦАФАП ОДД ГИБДД МВД по КЧР лейтенант полиции Казиев Рамазан Шамильевич',0, null,null,null,null,null)
ERROR    [2014-07-28 12:11:10,781] Файл:for_UFSSP_20140604_124050.txt. Отстутвует дата исполнения, заменил на null time data '' does not match format '%d.%m.%Y'
INFO     [2014-07-28 12:11:10,781] 11110;0900029246;17.12.2012;КУМУКОВ;ВАЛЕРИЙ;БЕКИРОВИЧ;300.00;;ИСПОЛНЕНО;Оплачен по постановлению ССП 100096-13-03-09;

ERROR    [2014-07-28 12:11:11,944] Файл:for_UFSSP_20140604_124050.txt. Отстутвует дата исполнения, заменил на null time data '' does not match format '%d.%m.%Y'
INFO     [2014-07-28 12:11:11,944] 11467;0900033366;24.12.2012;ДЖАЗАЕВА;КУЛИСТАН;ХАЛИСОВНА;300.00;;ИСПОЛНЕНО;Оплачен по постановлению ССП чек 05916;

ERROR    [2014-07-28 12:11:13,109] Файл:for_UFSSP_20140604_124050.txt. Отстутвует дата исполнения, заменил на null time data '' does not match format '%d.%m.%Y'
INFO     [2014-07-28 12:11:13,109] 11870;0900001366;05.11.2012;ХАТУЕВА;ФАТИМАТ;НАЗИРОВНА;300.00;;ИСПОЛНЕНО;Оплачен по постановлению ССП 56749-13-03-09;

ERROR    [2014-07-28 12:11:14,360] Файл:for_UFSSP_20140604_124050.txt. Отстутвует дата исполнения, заменил на null time data '' does not match format '%d.%m.%Y'
INFO     [2014-07-28 12:11:14,361] 12306;0900042312;04.02.2013;ДЕРЕВ;МУХАДИН;АУБЕКИРОВИЧ;300.00;;ИСПОЛНЕНО;Оплачен по постановлению ССП 21185-13-12-09;

ERROR    [2014-07-28 12:11:15,125] Файл:for_UFSSP_20140604_124050.txt. Отстутвует дата исполнения, заменил на null time data '' does not match format '%d.%m.%Y'
INFO     [2014-07-28 12:11:15,125] 12568;0900003368;09.11.2012;КЕЧЕРУКОВ;ШАМИЛЬ;ШАМШУДИНОВИЧ;300.00;;ИСПОЛНЕНО;Оплачен по постановлению ССП чек 26679;

ERROR    [2014-07-28 12:11:16,471] Файл:for_UFSSP_20140604_124050.txt. Отстутвует дата исполнения, заменил на null time data '' does not match format '%d.%m.%Y'
INFO     [2014-07-28 12:11:16,472] 13035;0900037640;21.01.2013;ДЖАЗАЕВА;КУЛИСТАН;ХАЛИСОВНА;300.00;;ИСПОЛНЕНО;Оплачен по постановлению ССП чек 05917;

ERROR    [2014-07-28 12:11:17,011] Файл:for_UFSSP_20140604_124050.txt. Отстутвует дата исполнения, заменил на null time data '' does not match format '%d.%m.%Y'
INFO     [2014-07-28 12:11:17,011] 13224;0900036295;17.01.2013;ХАСАНОВ;АЗРЕТ;МУХТАРОВИЧ;300.00;;ИСПОЛНЕНО;Оплачен по постановлению ССП 2863956-13-04-09;

ERROR    [2014-07-28 12:11:21,580] Файл:for_UFSSP_20140604_124050.txt. Отстутвует дата исполнения, заменил на null time data '' does not match format '%d.%m.%Y'
INFO     [2014-07-28 12:11:21,580] 15421;0900018284;30.11.2012;АЛИЕВ;МУАЕД;ТИРОВИЧ;300.00;;ИСПОЛНЕНО;Оплачен по постановлению ССП 66335-13-03-09;

ERROR    [2014-07-28 12:11:28,072] Файл:for_UFSSP_20140604_124050.txt. Отстутвует дата исполнения, заменил на null time data '' does not match format '%d.%m.%Y'
INFO     [2014-07-28 12:11:28,073] 17366;0900027301;12.12.2012;БАБИЧЕВ;НИКОЛАЙ;ТИХОНОВИЧ;300.00;;ИСПОЛНЕНО;Оплачен по постановлению ССП 163795-13-09-09;

ERROR    [2014-07-28 12:11:31,155] Файл:for_UFSSP_20140604_124050.txt. Отстутвует дата исполнения, заменил на null time data '' does not match format '%d.%m.%Y'
INFO     [2014-07-28 12:11:31,155] 18368;0900046364;14.02.2013;МУКАЕВ;СЕГДУЛ;ДАХИРОВИЧ;300.00;;ИСПОЛНЕНО;Оплачен по постановлению ССП 257569-13-12-09;

ERROR    [2014-07-28 12:11:32,537] Файл:for_UFSSP_20140604_124050.txt. Отстутвует дата исполнения, заменил на null time data '' does not match format '%d.%m.%Y'
INFO     [2014-07-28 12:11:32,538] 18834;0900055576;07.03.2013;ШЕВХУЖЕВ;МУХАРБИЙ;МУХАМЕДОВИЧ;300.00;;ИСПОЛНЕНО;Оплачен по постановлению ССП 64770-13-09-09;

ERROR    [2014-07-28 12:11:36,097] Файл:for_UFSSP_20140604_124050.txt. Отстутвует дата исполнения, заменил на null time data '' does not match format '%d.%m.%Y'
INFO     [2014-07-28 12:11:36,097] 20034;0900073816;24.04.2013;БЕТУГАНОВ;РАШИД;ХАСАНОВИЧ;300.00;;ИСПОЛНЕНО;Оплачен по постановлению ССП 54937-13-09-09;

ERROR    [2014-07-28 12:11:41,760] Файл:for_UFSSP_20140604_124050.txt. Отстутвует дата исполнения, заменил на null time data '' does not match format '%d.%m.%Y'
INFO     [2014-07-28 12:11:41,761] 21827;0900094786;18.06.2013;ДЖАЗАЕВА;КУЛИСТАН;ХАЛИСОВНА;300.00;;ИСПОЛНЕНО;Оплачен по постановлению ССП чек 05910;

ERROR    [2014-07-28 12:11:45,179] Файл:for_UFSSP_20140604_124050.txt. Отстутвует дата исполнения, заменил на null time data '' does not match format '%d.%m.%Y'
INFO     [2014-07-28 12:11:45,179] 22852;0900042121;04.02.2013;ТАМОВ;АСЛАН;АЛИЕВИЧ;300.00;;ИСПОЛНЕНО;Оплачен по постановлению ССП 214623-13-12-09;

ERROR    [2014-07-28 12:11:52,117] Файл:for_UFSSP_20140604_124050.txt. Отстутвует дата исполнения, заменил на null time data '' does not match format '%d.%m.%Y'
INFO     [2014-07-28 12:11:52,117] 25312;0900078978;08.05.2013;ДОБАГОВ;АСЛАН;ШУГАИБОВИЧ;300.00;;ИСПОЛНЕНО;Оплачен по постановлению ССП 54929-13-09-09;

ERROR    [2014-07-28 12:11:52,924] Файл:for_UFSSP_20140604_124050.txt. Отстутвует дата исполнения, заменил на null time data '' does not match format '%d.%m.%Y'
INFO     [2014-07-28 12:11:52,924] 25552;0900081683;15.05.2013;ДАУРОВ;ВАЛЕРИЙ;БОРИСОВИЧ;300.00;;ИСПОЛНЕНО;Оплачен по чеку 58535 ;

ERROR    [2014-07-28 12:11:54,670] Файл:for_UFSSP_20140604_124050.txt. Отстутвует дата исполнения, заменил на null time data '' does not match format '%d.%m.%Y'
INFO     [2014-07-28 12:11:54,670] 26005;0900086830;29.05.2013;КИТАОВ;АСЛАН;АРТУРОВИЧ;300.00;;ИСПОЛНЕНО;Оплачен по постановлению ССП 62368-13-09-09;

ERROR    [2014-07-28 12:11:57,878] Файл:for_UFSSP_20140604_124050.txt. Отстутвует дата исполнения, заменил на null time data '' does not match format '%d.%m.%Y'
INFO     [2014-07-28 12:11:57,878] 26779;0900098952;25.06.2013;БРАЦИХИН;АЛЕКСАНДР;ВАЛЕНТИНОВИЧ;300.00;;ИСПОЛНЕНО;Оплачен по постановлению ССП 600323-13-02-09;

ERROR    [2014-07-28 12:11:58,042] Файл:for_UFSSP_20140604_124050.txt. Отстутвует дата исполнения, заменил на null time data '' does not match format '%d.%m.%Y'
INFO     [2014-07-28 12:11:58,043] 26849;0900100494;27.06.2013;ЭДИЕВ;ХУСЕИН;ШАМИЛЕВИЧ;300.00;;ИСПОЛНЕНО;Оплачен по постановлению ССП 207993-13-06-09;

ERROR    [2014-07-28 12:12:02,350] Файл:for_UFSSP_20140604_124050.txt. Ошибка в скрипте:
ERROR    [2014-07-28 12:12:02,350] Отсутствует сумма оплаты
INFO     [2014-07-28 12:12:02,350] 28243;0900126802;10.09.2013;ДРУЖИНИН;СЕРГЕЙ;МИХАЙЛОВИЧ;;17.03.2014;ИСПОЛНЕНО;Оплачен по данным из УФК по КЧР, N ПП - 546;

ERROR    [2014-07-28 12:12:02,351] INSERT INTO REESTRS (ID, PACKET_ID, NUM_ID, DATE_ID, LASTNAME, FISTNAME_OGRN, SECONDNAME_INN, SUMM, DATE_ISP, MARK_ISP, PRIM, FILENAME, DATE_ACT, PERIOD_START, PERIOD_END, FIO_OFICER, STATUS, OSP, NUM_IP, OUTFILENAME, DATE_OUT, OUT_PACKET_ID) VALUES (37560 , 8 , '0900126802' , '10.09.2013' , 'ДРУЖИНИН' , 'СЕРГЕЙ' , 'МИХАЙЛОВИЧ' ,  , '17.03.2014' , 'ИСПОЛНЕНО' , 'Оплачен по данным из УФК по КЧР, N ПП - 546' , 'for_UFSSP_20140604_124050.txt' , '04.06.2014' , '01.01.2013' , '03.06.2014' , 'инспектор ЦАФАП ОДД ГИБДД МВД по КЧР лейтенант полиции Казиев Рамазан Шамильевич',0, null,null,null,null,null)
ERROR    [2014-07-28 12:12:06,594] Файл:for_UFSSP_20140604_124050.txt. Отстутвует дата исполнения, заменил на null time data '' does not match format '%d.%m.%Y'
INFO     [2014-07-28 12:12:06,595] 29578;0900083588;20.05.2013;ЛАГУЧЕВ;МУАЯД;МУХАРБИЕВИЧ;2000.00;;ИСПОЛНЕНО;Оплачен по постановлению ССП 3104329-13-04-09;

ERROR    [2014-07-28 12:12:09,178] Файл:for_UFSSP_20140604_124050.txt. Отстутвует дата исполнения, заменил на null time data '' does not match format '%d.%m.%Y'
INFO     [2014-07-28 12:12:09,178] 30404;0900119469;16.08.2013;ДЕКУШЕВ;РУСЛАН;ИССАЕВИЧ;300.00;;ИСПОЛНЕНО;Оплачен по постановлению ССП 3248-14-08-09;

ERROR    [2014-07-28 12:12:15,347] Файл:for_UFSSP_20140604_124050.txt. Отстутвует дата исполнения, заменил на null time data '' does not match format '%d.%m.%Y'
INFO     [2014-07-28 12:12:15,348] 32488;0900068527;10.04.2013;ДОБАГОВ;АСЛАН;ШУГАИБОВИЧ;300.00;;ИСПОЛНЕНО;Оплачен по постановлению ССП 54930-13-09-09;

ERROR    [2014-07-28 12:12:17,597] Файл:for_UFSSP_20140604_124050.txt. Отстутвует дата исполнения, заменил на null time data '' does not match format '%d.%m.%Y'
INFO     [2014-07-28 12:12:17,597] 33136;0900065140;01.04.2013;АГИРБОВ;ВАЛЕНТИН;ВЛАДИМИРОВИЧ;1000.00;;ИСПОЛНЕНО;Оплачен по постановлению ССП 62308-13-09-09;

INFO     [2014-07-28 12:12:20,557] Elapsed time:96.4596860409
INFO     [2014-07-28 12:12:20,557] Начинаем обрабатывать файл:for_UFSSP_20140630_123143.txt
INFO     [2014-07-28 12:12:23,043] Elapsed time:2.48614811897
INFO     [2014-08-04 17:22:49,391] Начинаем обрабатывать файл:for_UFSSP_20140729_084828.txt
INFO     [2014-08-04 17:22:50,345] Elapsed time:0.953480958939
INFO     [2014-08-04 17:22:50,345] Начинаем обрабатывать файл:for_UFSSP_20140804_124247.txt
ERROR    [2014-08-04 17:22:50,438] Файл:for_UFSSP_20140804_124247.txt. Ошибка в скрипте:
INFO     [2014-08-04 17:22:50,438] 45;0900104421;10.07.2013;МАМХЯГОВ;РУСТАМ;ХИЗИРОВИЧ;300.00;14.04.2014;ИСПОЛНЕНО;Оплачен по чеку 367377469. Ошибка при оплате - 0900104411. Заявление гр. Мамхяговой.;

ERROR    [2014-08-04 17:22:50,438] INSERT INTO REESTRS (ID, PACKET_ID, NUM_ID, DATE_ID, LASTNAME, FISTNAME_OGRN, SECONDNAME_INN, SUMM, DATE_ISP, MARK_ISP, PRIM, FILENAME, DATE_ACT, PERIOD_START, PERIOD_END, FIO_OFICER, STATUS, OSP, NUM_IP, OUTFILENAME, DATE_OUT, OUT_PACKET_ID) VALUES (44392 , 11 , '0900104421' , '10.07.2013' , 'МАМХЯГОВ' , 'РУСТАМ' , 'ХИЗИРОВИЧ' , 300.00 , '14.04.2014' , 'ИСПОЛНЕНО' , 'Оплачен по чеку 367377469. Ошибка при оплате - 0900104411. Заявление гр. Мамхяговой.' , 'for_UFSSP_20140804_124247.txt' , '04.08.2014' , '28.07.2014' , '04.08.2014' , 'Ст. инженер ЦАФАП ОДД ГИБДД МВД по КЧР подполковник полиции Акаевич Вадим Владимирович',0, null,null,null,null,null)
INFO     [2014-08-04 17:22:50,493] Elapsed time:0.148146152496
INFO     [2014-08-13 10:32:21,130] Начинаем обрабатывать файл:for_UFSSP_20140811_183934.txt
INFO     [2014-08-13 10:32:44,099] Elapsed time:22.9694068432
INFO     [2014-08-19 19:36:35,109] Начинаем обрабатывать файл:for_UFSSP_20140818_152746.txt
INFO     [2014-08-19 19:36:37,892] Elapsed time:2.78371310234
INFO     [2014-08-28 10:57:03,037] Начинаем обрабатывать файл:for_UFSSP_20140827_143714.txt
INFO     [2014-08-28 10:57:05,259] Elapsed time:2.22250699997
INFO     [2014-09-11 17:23:18,997] Начинаем обрабатывать файл:for_UFSSP_20140908_095400.txt
INFO     [2014-09-11 17:23:20,032] Elapsed time:1.03521585464
INFO     [2014-09-11 17:23:20,033] Начинаем обрабатывать файл:for_UFSSP_20140901_092302.txt
INFO     [2014-09-11 17:23:20,834] Elapsed time:0.800851106644
INFO     [2014-09-18 18:01:04,573] Начинаем обрабатывать файл:for_UFSSP_20140915_120833.txt
INFO     [2014-09-18 18:01:05,575] Elapsed time:1.00138306618
INFO     [2014-09-25 15:10:28,239] Начинаем обрабатывать файл:for_UFSSP_20140923_131804.txt
INFO     [2014-09-25 15:10:29,075] Elapsed time:0.836042881012
INFO     [2014-10-01 10:17:20,889] Начинаем обрабатывать файл:for_UFSSP_20140930_103015.txt
ERROR    [2014-10-01 10:17:21,476] Файл:for_UFSSP_20140930_103015.txt. Отстутвует дата исполнения, заменил на null time data '' does not match format '%d.%m.%Y'
INFO     [2014-10-01 10:17:21,476] 253;0900108911;19.07.2013;ШОРОВ;БИЛЯЛ;ИСМАИЛОВИЧ;300.00;;ИСПОЛНЕНО;Оплачен по постановлению ССП 673-14-09-09;

INFO     [2014-10-01 10:17:22,020] Elapsed time:1.13125395775
INFO     [2014-10-07 12:06:51,069] Начинаем обрабатывать файл:for_UFSSP_20141007_095355.txt
ERROR    [2014-10-07 12:06:51,803] Файл:for_UFSSP_20141007_095355.txt. Ошибка в скрипте:
INFO     [2014-10-07 12:06:51,804] 281;0900096394;20.06.2013;ЗАЛОЗНАЯ;КЛАВДИЯ;МИХАЙЛОВНА;300.00;28.08.2013;ИСПОЛНЕНО;Оплачен по ПП 1457 от 28.08.2013 г. сведения УФК по КЧР У-Дж, ОСП ФГУП Почта РОССИИ ПП 147;

ERROR    [2014-10-07 12:06:51,804] INSERT INTO REESTRS (ID, PACKET_ID, NUM_ID, DATE_ID, LASTNAME, FISTNAME_OGRN, SECONDNAME_INN, SUMM, DATE_ISP, MARK_ISP, PRIM, FILENAME, DATE_ACT, PERIOD_START, PERIOD_END, FIO_OFICER, STATUS, OSP, NUM_IP, OUTFILENAME, DATE_OUT, OUT_PACKET_ID) VALUES (56738 , 20 , '0900096394' , '20.06.2013' , 'ЗАЛОЗНАЯ' , 'КЛАВДИЯ' , 'МИХАЙЛОВНА' , 300.00 , '28.08.2013' , 'ИСПОЛНЕНО' , 'Оплачен по ПП 1457 от 28.08.2013 г. сведения УФК по КЧР У-Дж, ОСП ФГУП Почта РОССИИ ПП 147' , 'for_UFSSP_20141007_095355.txt' , '07.10.2014' , '29.09.2014' , '06.10.2014' , 'Ст. инженер ЦАФАП ОДД ГИБДД МВД по КЧР подполковник полиции Акаевич Вадим Владимирович',0, null,null,null,null,null)
ERROR    [2014-10-07 12:06:52,905] Файл:for_UFSSP_20141007_095355.txt. Ошибка в скрипте:
INFO     [2014-10-07 12:06:52,906] 862;18810109140522003431;22.05.2014;АСТЕЖЕВ;МУХАРБИЙ;ДЖАГАФАРОВИЧ;1000.00;13.06.2014;ИСПОЛНЕНО;Оплачено по взаимозачету по повторной оплате 18810109140522003431. Заявление от владельца.;

ERROR    [2014-10-07 12:06:52,906] INSERT INTO REESTRS (ID, PACKET_ID, NUM_ID, DATE_ID, LASTNAME, FISTNAME_OGRN, SECONDNAME_INN, SUMM, DATE_ISP, MARK_ISP, PRIM, FILENAME, DATE_ACT, PERIOD_START, PERIOD_END, FIO_OFICER, STATUS, OSP, NUM_IP, OUTFILENAME, DATE_OUT, OUT_PACKET_ID) VALUES (57319 , 20 , '18810109140522003431' , '22.05.2014' , 'АСТЕЖЕВ' , 'МУХАРБИЙ' , 'ДЖАГАФАРОВИЧ' , 1000.00 , '13.06.2014' , 'ИСПОЛНЕНО' , 'Оплачено по взаимозачету по повторной оплате 18810109140522003431. Заявление от владельца.' , 'for_UFSSP_20141007_095355.txt' , '07.10.2014' , '29.09.2014' , '06.10.2014' , 'Ст. инженер ЦАФАП ОДД ГИБДД МВД по КЧР подполковник полиции Акаевич Вадим Владимирович',0, null,null,null,null,null)
INFO     [2014-10-07 12:06:53,196] Elapsed time:2.12689495087
INFO     [2014-10-13 11:15:40,391] Начинаем обрабатывать файл:for_UFSSP_20141013_110754.txt
INFO     [2014-10-13 11:15:41,139] Elapsed time:0.74783706665
INFO     [2014-10-20 14:58:47,961] Начинаем обрабатывать файл:for_UFSSP_20141020_152733.txt
ERROR    [2014-10-20 14:58:49,998] Файл:for_UFSSP_20141020_152733.txt. Ошибка в скрипте:
INFO     [2014-10-20 14:58:49,998] 977;18810109140526001980;26.05.2014;ОАО РАПП "КАВКАЗ-МЯСО"О;1020900515668;ИНН: 0901033971;2000.00;05.06.2014;ИСПОЛНЕНО;Оплачен по ПП 720. Ошибочное указание значения УИН в ПП. Платеж подтвержден 15.10.2014 г.;

ERROR    [2014-10-20 14:58:49,999] INSERT INTO REESTRS (ID, PACKET_ID, NUM_ID, DATE_ID, LASTNAME, FISTNAME_OGRN, SECONDNAME_INN, SUMM, DATE_ISP, MARK_ISP, PRIM, FILENAME, DATE_ACT, PERIOD_START, PERIOD_END, FIO_OFICER, STATUS, OSP, NUM_IP, OUTFILENAME, DATE_OUT, OUT_PACKET_ID) VALUES (58581 , 22 , '18810109140526001980' , '26.05.2014' , 'ОАО РАПП "КАВКАЗ-МЯСО"О' , '1020900515668' , 'ИНН: 0901033971' , 2000.00 , '05.06.2014' , 'ИСПОЛНЕНО' , 'Оплачен по ПП 720. Ошибочное указание значения УИН в ПП. Платеж подтвержден 15.10.2014 г.' , 'for_UFSSP_20141020_152733.txt' , '20.10.2014' , '13.10.2014' , '20.10.2014' , 'Ст. инженер ЦАФАП ОДД ГИБДД МВД по КЧР подполковник полиции Акаевич Вадим Владимирович',0, null,null,null,null,null)
INFO     [2014-10-20 14:58:50,092] Elapsed time:2.13140296936
INFO     [2014-10-28 11:42:36,650] Начинаем обрабатывать файл:for_UFSSP_20141027_151601.txt
INFO     [2014-10-28 11:42:37,980] Elapsed time:1.33002018929
INFO     [2014-10-28 13:18:43,867] Начинаем обрабатывать файл:for_UFSSP_20141027_151601.txt
INFO     [2014-10-28 13:18:44,549] Elapsed time:0.682055950165
INFO     [2014-10-28 16:29:05,428] Начинаем обрабатывать файл:for_UFSSP_20141027_151601.txt
INFO     [2014-10-28 16:29:06,645] Elapsed time:1.21690583229
INFO     [2014-10-30 10:54:32,188] Начинаем обрабатывать файл:for_UFSSP_20141030_103350.txt
INFO     [2014-10-30 10:54:32,495] Elapsed time:0.306113958359
INFO     [2014-11-19 12:42:17,020] Начинаем обрабатывать файл:for_UFSSP_20141117_150213.txt
INFO     [2014-11-19 12:42:19,563] Elapsed time:2.54291701317
INFO     [2014-11-26 14:21:50,189] Начинаем обрабатывать файл:for_UFSSP_20141124_165140.txt
INFO     [2014-11-26 14:21:51,798] Elapsed time:1.60833597183
INFO     [2014-12-03 16:23:10,042] Начинаем обрабатывать файл:for_UFSSP_20141101_103152.txt
INFO     [2014-12-03 16:23:11,794] Elapsed time:1.75257396698
INFO     [2014-12-11 16:48:49,477] Начинаем обрабатывать файл:for_UFSSP_20141209_090511.txt
ERROR    [2014-12-11 16:48:51,573] Файл:for_UFSSP_20141209_090511.txt. Отстутвует дата исполнения, заменил на null time data '' does not match format '%d.%m.%Y'
INFO     [2014-12-11 16:48:51,573] 1028;18810109140203001032;03.02.2014;ПСЕВНУКОВ;АХМЕД;АСЛАНОВИЧ;500.00;;ИСПОЛНЕНО;Оплачен об отказе  ССП 23069-14-82380;

INFO     [2014-12-11 16:48:52,873] Elapsed time:3.3958170414
INFO     [2014-12-17 16:25:16,353] Начинаем обрабатывать файл:for_UFSSP_20141217_134623.txt
INFO     [2014-12-17 16:25:17,717] Elapsed time:1.36379098892
INFO     [2014-12-23 11:20:20,273] Начинаем обрабатывать файл:for_UFSSP_20141223_100238.txt
INFO     [2014-12-23 11:20:22,649] Elapsed time:2.37630605698
INFO     [2015-01-12 16:59:18,969] Начинаем обрабатывать файл:for_UFSSP_20150112_141546.txt
ERROR    [2015-01-12 16:59:24,316] Файл:for_UFSSP_20150112_141546.txt. Отстутвует дата исполнения, заменил на null time data '' does not match format '%d.%m.%Y'
INFO     [2015-01-12 16:59:24,316] 2767;18810109140203001032;03.02.2014;ПСЕВНУКОВ;АХМЕД;АСЛАНОВИЧ;500.00;;ИСПОЛНЕНО;Оплачен об отказе  ССП 23069-14-82380;

INFO     [2015-01-12 16:59:27,257] Elapsed time:8.28754401207
INFO     [2015-02-10 15:27:50,133] Начинаем обрабатывать файл:for_UFSSP_20150210_092646.txt
INFO     [2015-02-10 15:27:51,598] Elapsed time:1.46598815918
INFO     [2015-02-10 15:27:51,628] Начинаем обрабатывать файл:for_UFSSP_20150203_093842.txt
INFO     [2015-02-10 15:27:52,841] Elapsed time:1.2130048275
INFO     [2015-02-10 15:27:52,842] Начинаем обрабатывать файл:for_UFSSP_20150119_161504.txt
INFO     [2015-02-10 15:27:53,367] Elapsed time:0.525161981583
INFO     [2015-02-10 15:27:53,367] Начинаем обрабатывать файл:for_UFSSP_20150126_144925.txt
INFO     [2015-02-10 15:27:54,968] Elapsed time:1.60103321075
INFO     [2015-02-24 09:21:46,628] Начинаем обрабатывать файл:for_UFSSP_20150216_172106.txt
INFO     [2015-02-24 09:21:48,499] Elapsed time:1.87177491188
INFO     [2015-03-02 15:45:51,516] Начинаем обрабатывать файл:for_UFSSP_20150216_172106.txt
INFO     [2015-03-02 15:45:53,200] Elapsed time:1.68330097198
INFO     [2015-03-02 15:47:29,291] Начинаем обрабатывать файл:for_UFSSP_20150223_090952.txt
INFO     [2015-03-02 15:47:30,300] Elapsed time:1.00882816315
INFO     [2015-03-06 10:08:35,832] Начинаем обрабатывать файл:for_UFSSP_20150302_174508.txt
ERROR    [2015-03-06 10:08:36,019] Файл:for_UFSSP_20150302_174508.txt. Ошибка в скрипте:
INFO     [2015-03-06 10:08:36,020] 36;18810109140711008066;11.07.2014;МУРЗАЕВ;АЛАТАУ;ГЕРМАНОВИЧ;500.00;25.02.2015;ИСПОЛНЕНО;Оплачен по чеку. В счет взаимозачета по постановлению 0900150329 оплаченному дважды. Дата 25.02.2015;

ERROR    [2015-03-06 10:08:36,020] INSERT INTO REESTRS (ID, PACKET_ID, NUM_ID, DATE_ID, LASTNAME, FISTNAME_OGRN, SECONDNAME_INN, SUMM, DATE_ISP, MARK_ISP, PRIM, FILENAME, DATE_ACT, PERIOD_START, PERIOD_END, FIO_OFICER, STATUS, OSP, NUM_IP, OUTFILENAME, DATE_OUT, OUT_PACKET_ID) VALUES (76881 , 40 , '18810109140711008066' , '11.07.2014' , 'МУРЗАЕВ' , 'АЛАТАУ' , 'ГЕРМАНОВИЧ' , 500.00 , '25.02.2015' , 'ИСПОЛНЕНО' , 'Оплачен по чеку. В счет взаимозачета по постановлению 0900150329 оплаченному дважды. Дата 25.02.2015' , 'for_UFSSP_20150302_174508.txt' , '02.03.2015' , '23.02.2015' , '02.03.2015' , 'Ст. инженер ЦАФАП ОДД ГИБДД МВД по КЧР подполковник полиции Акаевич Вадим Владимирович',0, null,null,null,null,null)
ERROR    [2015-03-06 10:08:36,787] Файл:for_UFSSP_20150302_174508.txt. Ошибка в скрипте:
INFO     [2015-03-06 10:08:36,788] 446;18810109140917001466;17.09.2014;ПОНОМАРЕВ;АЛЕКСЕЙ;ВАСИЛЬЕВИЧ;1000.00;22.09.2014;ИСПОЛНЕНО;Оплачен по чеку 851385. Ошибка при оплате в номере пост. Дата предоставления 24.02.2015;

ERROR    [2015-03-06 10:08:36,788] INSERT INTO REESTRS (ID, PACKET_ID, NUM_ID, DATE_ID, LASTNAME, FISTNAME_OGRN, SECONDNAME_INN, SUMM, DATE_ISP, MARK_ISP, PRIM, FILENAME, DATE_ACT, PERIOD_START, PERIOD_END, FIO_OFICER, STATUS, OSP, NUM_IP, OUTFILENAME, DATE_OUT, OUT_PACKET_ID) VALUES (77291 , 40 , '18810109140917001466' , '17.09.2014' , 'ПОНОМАРЕВ' , 'АЛЕКСЕЙ' , 'ВАСИЛЬЕВИЧ' , 1000.00 , '22.09.2014' , 'ИСПОЛНЕНО' , 'Оплачен по чеку 851385. Ошибка при оплате в номере пост. Дата предоставления 24.02.2015' , 'for_UFSSP_20150302_174508.txt' , '02.03.2015' , '23.02.2015' , '02.03.2015' , 'Ст. инженер ЦАФАП ОДД ГИБДД МВД по КЧР подполковник полиции Акаевич Вадим Владимирович',0, null,null,null,null,null)
INFO     [2015-03-06 10:08:36,939] Elapsed time:1.10677289963
INFO     [2015-03-16 14:49:03,229] Начинаем обрабатывать файл:for_UFSSP_20150311_090804.txt
INFO     [2015-03-16 14:49:04,311] Elapsed time:1.08130812645
INFO     [2015-03-16 14:49:04,352] Начинаем обрабатывать файл:for_UFSSP_20150316_090419.txt
INFO     [2015-03-16 14:49:04,671] Elapsed time:0.319725036621
INFO     [2015-03-23 16:34:41,848] Начинаем обрабатывать файл:for_UFSSP_20150323_123042.txt
INFO     [2015-03-23 16:34:43,487] Elapsed time:1.63883209229
INFO     [2015-03-30 14:33:52,778] Начинаем обрабатывать файл:for_UFSSP_20150330_150522.txt
INFO     [2015-03-30 14:33:54,307] Elapsed time:1.52855610847
INFO     [2015-04-07 10:55:00,279] Начинаем обрабатывать файл:for_UFSSP_20150406_183243.txt
ERROR    [2015-04-07 10:55:02,584] Файл:for_UFSSP_20150406_183243.txt. Ошибка в скрипте:
INFO     [2015-04-07 10:55:02,584] 1246;18810109141006002169;06.10.2014;УПРАВЛЕНИЕ РОСПОТРЕБНАДЗОРА ПО КАРАЧАЕВО-ЧЕРКЕССКОЙ РЕСПУБЛИКЕ;1050900921235;ИНН: 0917000450;500.00;13.10.2014;ИСПОЛНЕНО;Оплачен по ПП 617 от 14.10.14 г. чек 311837 от 13.10.2014 г.. Информация от 01.04.2015 г.;

ERROR    [2015-04-07 10:55:02,584] INSERT INTO REESTRS (ID, PACKET_ID, NUM_ID, DATE_ID, LASTNAME, FISTNAME_OGRN, SECONDNAME_INN, SUMM, DATE_ISP, MARK_ISP, PRIM, FILENAME, DATE_ACT, PERIOD_START, PERIOD_END, FIO_OFICER, STATUS, OSP, NUM_IP, OUTFILENAME, DATE_OUT, OUT_PACKET_ID) VALUES (82216 , 45 , '18810109141006002169' , '06.10.2014' , 'УПРАВЛЕНИЕ РОСПОТРЕБНАДЗОРА ПО КАРАЧАЕВО-ЧЕРКЕССКОЙ РЕСПУБЛИКЕ' , '1050900921235' , 'ИНН: 0917000450' , 500.00 , '13.10.2014' , 'ИСПОЛНЕНО' , 'Оплачен по ПП 617 от 14.10.14 г. чек 311837 от 13.10.2014 г.. Информация от 01.04.2015 г.' , 'for_UFSSP_20150406_183243.txt' , '06.04.2015' , '30.03.2015' , '06.04.2015' , 'Ст. инженер ЦАФАП ОДД ГИБДД МВД по КЧР подполковник полиции Акаевич Вадим Владимирович',0, null,null,null,null,null)
INFO     [2015-04-07 10:55:03,862] Elapsed time:3.58250999451
INFO     [2015-04-15 11:19:22,477] Начинаем обрабатывать файл:for_UFSSP_20150413_135422.txt
ERROR    [2015-04-15 11:19:22,848] Файл:for_UFSSP_20150413_135422.txt. Ошибка в скрипте:
INFO     [2015-04-15 11:19:22,848] 136;18810109140207000995;07.02.2014;БАЙЧОРОВ;АЛИ;СУЛТАНОВИЧ;500.00;26.06.2014;ИСПОЛНЕНО;Оплачен по ПП 197937. Информация об оплате поступила 13.04.2015. Ошибка в ПП в постановлении;

ERROR    [2015-04-15 11:19:22,848] INSERT INTO REESTRS (ID, PACKET_ID, NUM_ID, DATE_ID, LASTNAME, FISTNAME_OGRN, SECONDNAME_INN, SUMM, DATE_ISP, MARK_ISP, PRIM, FILENAME, DATE_ACT, PERIOD_START, PERIOD_END, FIO_OFICER, STATUS, OSP, NUM_IP, OUTFILENAME, DATE_OUT, OUT_PACKET_ID) VALUES (82355 , 46 , '18810109140207000995' , '07.02.2014' , 'БАЙЧОРОВ' , 'АЛИ' , 'СУЛТАНОВИЧ' , 500.00 , '26.06.2014' , 'ИСПОЛНЕНО' , 'Оплачен по ПП 197937. Информация об оплате поступила 13.04.2015. Ошибка в ПП в постановлении' , 'for_UFSSP_20150413_135422.txt' , '13.04.2015' , '06.04.2015' , '13.04.2015' , 'Ст. инженер ЦАФАП ОДД ГИБДД МВД по КЧР подполковник полиции Акаевич Вадим Владимирович',0, null,null,null,null,null)
INFO     [2015-04-15 11:19:25,940] Elapsed time:3.46329712868
INFO     [2015-04-23 11:08:36,945] Начинаем обрабатывать файл:for_UFSSP_20150421_101311.txt
ERROR    [2015-04-23 11:08:37,123] Файл:for_UFSSP_20150421_101311.txt. Ошибка в скрипте:
INFO     [2015-04-23 11:08:37,124] 38;18810109140207000995;07.02.2014;БАЙЧОРОВ;АЛИ;СУЛТАНОВИЧ;500.00;26.06.2014;ИСПОЛНЕНО;Оплачен по ПП 197937. Информация об оплате поступила 13.04.2015. Ошибка в ПП в постановлении;

ERROR    [2015-04-23 11:08:37,124] INSERT INTO REESTRS (ID, PACKET_ID, NUM_ID, DATE_ID, LASTNAME, FISTNAME_OGRN, SECONDNAME_INN, SUMM, DATE_ISP, MARK_ISP, PRIM, FILENAME, DATE_ACT, PERIOD_START, PERIOD_END, FIO_OFICER, STATUS, OSP, NUM_IP, OUTFILENAME, DATE_OUT, OUT_PACKET_ID) VALUES (83785 , 47 , '18810109140207000995' , '07.02.2014' , 'БАЙЧОРОВ' , 'АЛИ' , 'СУЛТАНОВИЧ' , 500.00 , '26.06.2014' , 'ИСПОЛНЕНО' , 'Оплачен по ПП 197937. Информация об оплате поступила 13.04.2015. Ошибка в ПП в постановлении' , 'for_UFSSP_20150421_101311.txt' , '21.04.2015' , '13.04.2015' , '20.04.2015' , 'Ст. инженер ЦАФАП ОДД ГИБДД МВД по КЧР подполковник полиции Акаевич Вадим Владимирович',0, null,null,null,null,null)
INFO     [2015-04-23 11:08:37,826] Elapsed time:0.880964994431
INFO     [2015-04-30 11:32:01,250] Начинаем обрабатывать файл:for_UFSSP_20150430_111858.txt
INFO     [2015-04-30 11:32:03,354] Elapsed time:2.10352015495
INFO     [2015-04-30 14:18:01,672] Начинаем обрабатывать файл:for_UFSSP_20150430_111858.txt
INFO     [2015-04-30 14:18:04,355] Elapsed time:2.68340015411
INFO     [2015-05-06 14:51:53,387] Начинаем обрабатывать файл:for_UFSSP_20150505_114053.txt
INFO     [2015-05-06 14:51:53,781] Elapsed time:0.393956184387
INFO     [2015-05-14 15:46:38,481] Начинаем обрабатывать файл:for_UFSSP_20150514_094243.txt
INFO     [2015-05-14 15:46:41,765] Elapsed time:3.28344678879
INFO     [2015-05-20 16:42:52,247] Начинаем обрабатывать файл:for_UFSSP_20150518_103822.txt
INFO     [2015-05-20 16:42:52,637] Elapsed time:0.389871120453
